CRITICAL - 2025-02-06 05:30:19 --> Error: Undefined constant "CodeIgniter\Database\MySQLi\MYSQLI_STORE_RESULT"
[Method: GET, Route: /]
in SYSTEMPATH/Database/Database.php on line 139.
 1 SYSTEMPATH/Database/Database.php(57): CodeIgniter\Database\Database->initDriver('MySQLi', 'Connection', [...])
 2 SYSTEMPATH/Database/Config.php(84): CodeIgniter\Database\Database->load([...], 'default')
 3 APPPATH/Config/Globals.php(31): CodeIgniter\Database\Config::connect()
 4 APPPATH/Config/Globals.php(245): Config\Globals::setGlobals()
 5 SYSTEMPATH/Autoloader/Autoloader.php(317): include_once('/home/ktvgqwmj/develop.nextora.co.in/app/Config/Globals.php')
 6 SYSTEMPATH/Autoloader/Autoloader.php(296): CodeIgniter\Autoloader\Autoloader->includeFile('/home/ktvgqwmj/develop.nextora.co.in/app/Config/Globals.php')
 7 SYSTEMPATH/Autoloader/Autoloader.php(272): CodeIgniter\Autoloader\Autoloader->loadInNamespace('Config\\Globals')
 8 APPPATH/Config/Routes.php(6): CodeIgniter\Autoloader\Autoloader->loadClass('Config\\Globals')
 9 SYSTEMPATH/Router/RouteCollection.php(340): require('/home/ktvgqwmj/develop.nextora.co.in/app/Config/Routes.php')
10 SYSTEMPATH/CodeIgniter.php(823): CodeIgniter\Router\RouteCollection->loadRoutes()
11 SYSTEMPATH/CodeIgniter.php(457): CodeIgniter\CodeIgniter->tryToRouteIt(null)
12 SYSTEMPATH/CodeIgniter.php(355): CodeIgniter\CodeIgniter->handleRequest(null, Object(Config\Cache), false)
13 SYSTEMPATH/Boot.php(325): CodeIgniter\CodeIgniter->run()
14 SYSTEMPATH/Boot.php(67): CodeIgniter\Boot::runCodeIgniter(Object(CodeIgniter\CodeIgniter))
15 FCPATH/index.php(56): CodeIgniter\Boot::bootWeb(Object(Config\Paths))
CRITICAL - 2025-02-06 05:30:55 --> Error: Undefined constant "CodeIgniter\Database\MySQLi\MYSQLI_STORE_RESULT"
[Method: GET, Route: /]
in SYSTEMPATH/Database/Database.php on line 139.
 1 SYSTEMPATH/Database/Database.php(57): CodeIgniter\Database\Database->initDriver('MySQLi', 'Connection', [...])
 2 SYSTEMPATH/Database/Config.php(84): CodeIgniter\Database\Database->load([...], 'default')
 3 APPPATH/Config/Globals.php(31): CodeIgniter\Database\Config::connect()
 4 APPPATH/Config/Globals.php(245): Config\Globals::setGlobals()
 5 SYSTEMPATH/Autoloader/Autoloader.php(317): include_once('/home/ktvgqwmj/develop.nextora.co.in/app/Config/Globals.php')
 6 SYSTEMPATH/Autoloader/Autoloader.php(296): CodeIgniter\Autoloader\Autoloader->includeFile('/home/ktvgqwmj/develop.nextora.co.in/app/Config/Globals.php')
 7 SYSTEMPATH/Autoloader/Autoloader.php(272): CodeIgniter\Autoloader\Autoloader->loadInNamespace('Config\\Globals')
 8 APPPATH/Config/Routes.php(6): CodeIgniter\Autoloader\Autoloader->loadClass('Config\\Globals')
 9 SYSTEMPATH/Router/RouteCollection.php(340): require('/home/ktvgqwmj/develop.nextora.co.in/app/Config/Routes.php')
10 SYSTEMPATH/CodeIgniter.php(823): CodeIgniter\Router\RouteCollection->loadRoutes()
11 SYSTEMPATH/CodeIgniter.php(457): CodeIgniter\CodeIgniter->tryToRouteIt(null)
12 SYSTEMPATH/CodeIgniter.php(355): CodeIgniter\CodeIgniter->handleRequest(null, Object(Config\Cache), false)
13 SYSTEMPATH/Boot.php(325): CodeIgniter\CodeIgniter->run()
14 SYSTEMPATH/Boot.php(67): CodeIgniter\Boot::runCodeIgniter(Object(CodeIgniter\CodeIgniter))
15 FCPATH/index.php(56): CodeIgniter\Boot::bootWeb(Object(Config\Paths))
CRITICAL - 2025-02-06 05:31:21 --> Error: Undefined constant "CodeIgniter\Database\MySQLi\MYSQLI_STORE_RESULT"
[Method: GET, Route: /]
in SYSTEMPATH/Database/Database.php on line 139.
 1 SYSTEMPATH/Database/Database.php(57): CodeIgniter\Database\Database->initDriver('MySQLi', 'Connection', [...])
 2 SYSTEMPATH/Database/Config.php(84): CodeIgniter\Database\Database->load([...], 'default')
 3 APPPATH/Config/Globals.php(31): CodeIgniter\Database\Config::connect()
 4 APPPATH/Config/Globals.php(245): Config\Globals::setGlobals()
 5 SYSTEMPATH/Autoloader/Autoloader.php(317): include_once('/home/ktvgqwmj/develop.nextora.co.in/app/Config/Globals.php')
 6 SYSTEMPATH/Autoloader/Autoloader.php(296): CodeIgniter\Autoloader\Autoloader->includeFile('/home/ktvgqwmj/develop.nextora.co.in/app/Config/Globals.php')
 7 SYSTEMPATH/Autoloader/Autoloader.php(272): CodeIgniter\Autoloader\Autoloader->loadInNamespace('Config\\Globals')
 8 APPPATH/Config/Routes.php(6): CodeIgniter\Autoloader\Autoloader->loadClass('Config\\Globals')
 9 SYSTEMPATH/Router/RouteCollection.php(340): require('/home/ktvgqwmj/develop.nextora.co.in/app/Config/Routes.php')
10 SYSTEMPATH/CodeIgniter.php(823): CodeIgniter\Router\RouteCollection->loadRoutes()
11 SYSTEMPATH/CodeIgniter.php(457): CodeIgniter\CodeIgniter->tryToRouteIt(null)
12 SYSTEMPATH/CodeIgniter.php(355): CodeIgniter\CodeIgniter->handleRequest(null, Object(Config\Cache), false)
13 SYSTEMPATH/Boot.php(325): CodeIgniter\CodeIgniter->run()
14 SYSTEMPATH/Boot.php(67): CodeIgniter\Boot::runCodeIgniter(Object(CodeIgniter\CodeIgniter))
15 FCPATH/index.php(56): CodeIgniter\Boot::bootWeb(Object(Config\Paths))
CRITICAL - 2025-02-06 05:31:25 --> Error: Undefined constant "CodeIgniter\Database\MySQLi\MYSQLI_STORE_RESULT"
[Method: GET, Route: /]
in SYSTEMPATH/Database/Database.php on line 139.
 1 SYSTEMPATH/Database/Database.php(57): CodeIgniter\Database\Database->initDriver('MySQLi', 'Connection', [...])
 2 SYSTEMPATH/Database/Config.php(84): CodeIgniter\Database\Database->load([...], 'default')
 3 APPPATH/Config/Globals.php(31): CodeIgniter\Database\Config::connect()
 4 APPPATH/Config/Globals.php(245): Config\Globals::setGlobals()
 5 SYSTEMPATH/Autoloader/Autoloader.php(317): include_once('/home/ktvgqwmj/develop.nextora.co.in/app/Config/Globals.php')
 6 SYSTEMPATH/Autoloader/Autoloader.php(296): CodeIgniter\Autoloader\Autoloader->includeFile('/home/ktvgqwmj/develop.nextora.co.in/app/Config/Globals.php')
 7 SYSTEMPATH/Autoloader/Autoloader.php(272): CodeIgniter\Autoloader\Autoloader->loadInNamespace('Config\\Globals')
 8 APPPATH/Config/Routes.php(6): CodeIgniter\Autoloader\Autoloader->loadClass('Config\\Globals')
 9 SYSTEMPATH/Router/RouteCollection.php(340): require('/home/ktvgqwmj/develop.nextora.co.in/app/Config/Routes.php')
10 SYSTEMPATH/CodeIgniter.php(823): CodeIgniter\Router\RouteCollection->loadRoutes()
11 SYSTEMPATH/CodeIgniter.php(457): CodeIgniter\CodeIgniter->tryToRouteIt(null)
12 SYSTEMPATH/CodeIgniter.php(355): CodeIgniter\CodeIgniter->handleRequest(null, Object(Config\Cache), false)
13 SYSTEMPATH/Boot.php(325): CodeIgniter\CodeIgniter->run()
14 SYSTEMPATH/Boot.php(67): CodeIgniter\Boot::runCodeIgniter(Object(CodeIgniter\CodeIgniter))
15 FCPATH/index.php(56): CodeIgniter\Boot::bootWeb(Object(Config\Paths))
CRITICAL - 2025-02-06 05:31:26 --> Error: Undefined constant "CodeIgniter\Database\MySQLi\MYSQLI_STORE_RESULT"
[Method: GET, Route: /]
in SYSTEMPATH/Database/Database.php on line 139.
 1 SYSTEMPATH/Database/Database.php(57): CodeIgniter\Database\Database->initDriver('MySQLi', 'Connection', [...])
 2 SYSTEMPATH/Database/Config.php(84): CodeIgniter\Database\Database->load([...], 'default')
 3 APPPATH/Config/Globals.php(31): CodeIgniter\Database\Config::connect()
 4 APPPATH/Config/Globals.php(245): Config\Globals::setGlobals()
 5 SYSTEMPATH/Autoloader/Autoloader.php(317): include_once('/home/ktvgqwmj/develop.nextora.co.in/app/Config/Globals.php')
 6 SYSTEMPATH/Autoloader/Autoloader.php(296): CodeIgniter\Autoloader\Autoloader->includeFile('/home/ktvgqwmj/develop.nextora.co.in/app/Config/Globals.php')
 7 SYSTEMPATH/Autoloader/Autoloader.php(272): CodeIgniter\Autoloader\Autoloader->loadInNamespace('Config\\Globals')
 8 APPPATH/Config/Routes.php(6): CodeIgniter\Autoloader\Autoloader->loadClass('Config\\Globals')
 9 SYSTEMPATH/Router/RouteCollection.php(340): require('/home/ktvgqwmj/develop.nextora.co.in/app/Config/Routes.php')
10 SYSTEMPATH/CodeIgniter.php(823): CodeIgniter\Router\RouteCollection->loadRoutes()
11 SYSTEMPATH/CodeIgniter.php(457): CodeIgniter\CodeIgniter->tryToRouteIt(null)
12 SYSTEMPATH/CodeIgniter.php(355): CodeIgniter\CodeIgniter->handleRequest(null, Object(Config\Cache), false)
13 SYSTEMPATH/Boot.php(325): CodeIgniter\CodeIgniter->run()
14 SYSTEMPATH/Boot.php(67): CodeIgniter\Boot::runCodeIgniter(Object(CodeIgniter\CodeIgniter))
15 FCPATH/index.php(56): CodeIgniter\Boot::bootWeb(Object(Config\Paths))
CRITICAL - 2025-02-06 05:31:26 --> Error: Undefined constant "CodeIgniter\Database\MySQLi\MYSQLI_STORE_RESULT"
[Method: GET, Route: /]
in SYSTEMPATH/Database/Database.php on line 139.
 1 SYSTEMPATH/Database/Database.php(57): CodeIgniter\Database\Database->initDriver('MySQLi', 'Connection', [...])
 2 SYSTEMPATH/Database/Config.php(84): CodeIgniter\Database\Database->load([...], 'default')
 3 APPPATH/Config/Globals.php(31): CodeIgniter\Database\Config::connect()
 4 APPPATH/Config/Globals.php(245): Config\Globals::setGlobals()
 5 SYSTEMPATH/Autoloader/Autoloader.php(317): include_once('/home/ktvgqwmj/develop.nextora.co.in/app/Config/Globals.php')
 6 SYSTEMPATH/Autoloader/Autoloader.php(296): CodeIgniter\Autoloader\Autoloader->includeFile('/home/ktvgqwmj/develop.nextora.co.in/app/Config/Globals.php')
 7 SYSTEMPATH/Autoloader/Autoloader.php(272): CodeIgniter\Autoloader\Autoloader->loadInNamespace('Config\\Globals')
 8 APPPATH/Config/Routes.php(6): CodeIgniter\Autoloader\Autoloader->loadClass('Config\\Globals')
 9 SYSTEMPATH/Router/RouteCollection.php(340): require('/home/ktvgqwmj/develop.nextora.co.in/app/Config/Routes.php')
10 SYSTEMPATH/CodeIgniter.php(823): CodeIgniter\Router\RouteCollection->loadRoutes()
11 SYSTEMPATH/CodeIgniter.php(457): CodeIgniter\CodeIgniter->tryToRouteIt(null)
12 SYSTEMPATH/CodeIgniter.php(355): CodeIgniter\CodeIgniter->handleRequest(null, Object(Config\Cache), false)
13 SYSTEMPATH/Boot.php(325): CodeIgniter\CodeIgniter->run()
14 SYSTEMPATH/Boot.php(67): CodeIgniter\Boot::runCodeIgniter(Object(CodeIgniter\CodeIgniter))
15 FCPATH/index.php(56): CodeIgniter\Boot::bootWeb(Object(Config\Paths))
CRITICAL - 2025-02-06 05:31:26 --> Error: Undefined constant "CodeIgniter\Database\MySQLi\MYSQLI_STORE_RESULT"
[Method: GET, Route: /]
in SYSTEMPATH/Database/Database.php on line 139.
 1 SYSTEMPATH/Database/Database.php(57): CodeIgniter\Database\Database->initDriver('MySQLi', 'Connection', [...])
 2 SYSTEMPATH/Database/Config.php(84): CodeIgniter\Database\Database->load([...], 'default')
 3 APPPATH/Config/Globals.php(31): CodeIgniter\Database\Config::connect()
 4 APPPATH/Config/Globals.php(245): Config\Globals::setGlobals()
 5 SYSTEMPATH/Autoloader/Autoloader.php(317): include_once('/home/ktvgqwmj/develop.nextora.co.in/app/Config/Globals.php')
 6 SYSTEMPATH/Autoloader/Autoloader.php(296): CodeIgniter\Autoloader\Autoloader->includeFile('/home/ktvgqwmj/develop.nextora.co.in/app/Config/Globals.php')
 7 SYSTEMPATH/Autoloader/Autoloader.php(272): CodeIgniter\Autoloader\Autoloader->loadInNamespace('Config\\Globals')
 8 APPPATH/Config/Routes.php(6): CodeIgniter\Autoloader\Autoloader->loadClass('Config\\Globals')
 9 SYSTEMPATH/Router/RouteCollection.php(340): require('/home/ktvgqwmj/develop.nextora.co.in/app/Config/Routes.php')
10 SYSTEMPATH/CodeIgniter.php(823): CodeIgniter\Router\RouteCollection->loadRoutes()
11 SYSTEMPATH/CodeIgniter.php(457): CodeIgniter\CodeIgniter->tryToRouteIt(null)
12 SYSTEMPATH/CodeIgniter.php(355): CodeIgniter\CodeIgniter->handleRequest(null, Object(Config\Cache), false)
13 SYSTEMPATH/Boot.php(325): CodeIgniter\CodeIgniter->run()
14 SYSTEMPATH/Boot.php(67): CodeIgniter\Boot::runCodeIgniter(Object(CodeIgniter\CodeIgniter))
15 FCPATH/index.php(56): CodeIgniter\Boot::bootWeb(Object(Config\Paths))
CRITICAL - 2025-02-06 05:31:26 --> Error: Undefined constant "CodeIgniter\Database\MySQLi\MYSQLI_STORE_RESULT"
[Method: GET, Route: /]
in SYSTEMPATH/Database/Database.php on line 139.
 1 SYSTEMPATH/Database/Database.php(57): CodeIgniter\Database\Database->initDriver('MySQLi', 'Connection', [...])
 2 SYSTEMPATH/Database/Config.php(84): CodeIgniter\Database\Database->load([...], 'default')
 3 APPPATH/Config/Globals.php(31): CodeIgniter\Database\Config::connect()
 4 APPPATH/Config/Globals.php(245): Config\Globals::setGlobals()
 5 SYSTEMPATH/Autoloader/Autoloader.php(317): include_once('/home/ktvgqwmj/develop.nextora.co.in/app/Config/Globals.php')
 6 SYSTEMPATH/Autoloader/Autoloader.php(296): CodeIgniter\Autoloader\Autoloader->includeFile('/home/ktvgqwmj/develop.nextora.co.in/app/Config/Globals.php')
 7 SYSTEMPATH/Autoloader/Autoloader.php(272): CodeIgniter\Autoloader\Autoloader->loadInNamespace('Config\\Globals')
 8 APPPATH/Config/Routes.php(6): CodeIgniter\Autoloader\Autoloader->loadClass('Config\\Globals')
 9 SYSTEMPATH/Router/RouteCollection.php(340): require('/home/ktvgqwmj/develop.nextora.co.in/app/Config/Routes.php')
10 SYSTEMPATH/CodeIgniter.php(823): CodeIgniter\Router\RouteCollection->loadRoutes()
11 SYSTEMPATH/CodeIgniter.php(457): CodeIgniter\CodeIgniter->tryToRouteIt(null)
12 SYSTEMPATH/CodeIgniter.php(355): CodeIgniter\CodeIgniter->handleRequest(null, Object(Config\Cache), false)
13 SYSTEMPATH/Boot.php(325): CodeIgniter\CodeIgniter->run()
14 SYSTEMPATH/Boot.php(67): CodeIgniter\Boot::runCodeIgniter(Object(CodeIgniter\CodeIgniter))
15 FCPATH/index.php(56): CodeIgniter\Boot::bootWeb(Object(Config\Paths))
CRITICAL - 2025-02-06 05:31:27 --> Error: Undefined constant "CodeIgniter\Database\MySQLi\MYSQLI_STORE_RESULT"
[Method: GET, Route: /]
in SYSTEMPATH/Database/Database.php on line 139.
 1 SYSTEMPATH/Database/Database.php(57): CodeIgniter\Database\Database->initDriver('MySQLi', 'Connection', [...])
 2 SYSTEMPATH/Database/Config.php(84): CodeIgniter\Database\Database->load([...], 'default')
 3 APPPATH/Config/Globals.php(31): CodeIgniter\Database\Config::connect()
 4 APPPATH/Config/Globals.php(245): Config\Globals::setGlobals()
 5 SYSTEMPATH/Autoloader/Autoloader.php(317): include_once('/home/ktvgqwmj/develop.nextora.co.in/app/Config/Globals.php')
 6 SYSTEMPATH/Autoloader/Autoloader.php(296): CodeIgniter\Autoloader\Autoloader->includeFile('/home/ktvgqwmj/develop.nextora.co.in/app/Config/Globals.php')
 7 SYSTEMPATH/Autoloader/Autoloader.php(272): CodeIgniter\Autoloader\Autoloader->loadInNamespace('Config\\Globals')
 8 APPPATH/Config/Routes.php(6): CodeIgniter\Autoloader\Autoloader->loadClass('Config\\Globals')
 9 SYSTEMPATH/Router/RouteCollection.php(340): require('/home/ktvgqwmj/develop.nextora.co.in/app/Config/Routes.php')
10 SYSTEMPATH/CodeIgniter.php(823): CodeIgniter\Router\RouteCollection->loadRoutes()
11 SYSTEMPATH/CodeIgniter.php(457): CodeIgniter\CodeIgniter->tryToRouteIt(null)
12 SYSTEMPATH/CodeIgniter.php(355): CodeIgniter\CodeIgniter->handleRequest(null, Object(Config\Cache), false)
13 SYSTEMPATH/Boot.php(325): CodeIgniter\CodeIgniter->run()
14 SYSTEMPATH/Boot.php(67): CodeIgniter\Boot::runCodeIgniter(Object(CodeIgniter\CodeIgniter))
15 FCPATH/index.php(56): CodeIgniter\Boot::bootWeb(Object(Config\Paths))
CRITICAL - 2025-02-06 05:31:27 --> Error: Undefined constant "CodeIgniter\Database\MySQLi\MYSQLI_STORE_RESULT"
[Method: GET, Route: /]
in SYSTEMPATH/Database/Database.php on line 139.
 1 SYSTEMPATH/Database/Database.php(57): CodeIgniter\Database\Database->initDriver('MySQLi', 'Connection', [...])
 2 SYSTEMPATH/Database/Config.php(84): CodeIgniter\Database\Database->load([...], 'default')
 3 APPPATH/Config/Globals.php(31): CodeIgniter\Database\Config::connect()
 4 APPPATH/Config/Globals.php(245): Config\Globals::setGlobals()
 5 SYSTEMPATH/Autoloader/Autoloader.php(317): include_once('/home/ktvgqwmj/develop.nextora.co.in/app/Config/Globals.php')
 6 SYSTEMPATH/Autoloader/Autoloader.php(296): CodeIgniter\Autoloader\Autoloader->includeFile('/home/ktvgqwmj/develop.nextora.co.in/app/Config/Globals.php')
 7 SYSTEMPATH/Autoloader/Autoloader.php(272): CodeIgniter\Autoloader\Autoloader->loadInNamespace('Config\\Globals')
 8 APPPATH/Config/Routes.php(6): CodeIgniter\Autoloader\Autoloader->loadClass('Config\\Globals')
 9 SYSTEMPATH/Router/RouteCollection.php(340): require('/home/ktvgqwmj/develop.nextora.co.in/app/Config/Routes.php')
10 SYSTEMPATH/CodeIgniter.php(823): CodeIgniter\Router\RouteCollection->loadRoutes()
11 SYSTEMPATH/CodeIgniter.php(457): CodeIgniter\CodeIgniter->tryToRouteIt(null)
12 SYSTEMPATH/CodeIgniter.php(355): CodeIgniter\CodeIgniter->handleRequest(null, Object(Config\Cache), false)
13 SYSTEMPATH/Boot.php(325): CodeIgniter\CodeIgniter->run()
14 SYSTEMPATH/Boot.php(67): CodeIgniter\Boot::runCodeIgniter(Object(CodeIgniter\CodeIgniter))
15 FCPATH/index.php(56): CodeIgniter\Boot::bootWeb(Object(Config\Paths))
CRITICAL - 2025-02-06 05:45:17 --> Error: Undefined constant "CodeIgniter\Database\MySQLi\MYSQLI_STORE_RESULT"
[Method: GET, Route: /]
in SYSTEMPATH/Database/Database.php on line 139.
 1 SYSTEMPATH/Database/Database.php(57): CodeIgniter\Database\Database->initDriver('MySQLi', 'Connection', [...])
 2 SYSTEMPATH/Database/Config.php(84): CodeIgniter\Database\Database->load([...], 'default')
 3 APPPATH/Config/Globals.php(31): CodeIgniter\Database\Config::connect()
 4 APPPATH/Config/Globals.php(245): Config\Globals::setGlobals()
 5 SYSTEMPATH/Autoloader/Autoloader.php(317): include_once('/home/ktvgqwmj/develop.nextora.co.in/app/Config/Globals.php')
 6 SYSTEMPATH/Autoloader/Autoloader.php(296): CodeIgniter\Autoloader\Autoloader->includeFile('/home/ktvgqwmj/develop.nextora.co.in/app/Config/Globals.php')
 7 SYSTEMPATH/Autoloader/Autoloader.php(272): CodeIgniter\Autoloader\Autoloader->loadInNamespace('Config\\Globals')
 8 APPPATH/Config/Routes.php(6): CodeIgniter\Autoloader\Autoloader->loadClass('Config\\Globals')
 9 SYSTEMPATH/Router/RouteCollection.php(340): require('/home/ktvgqwmj/develop.nextora.co.in/app/Config/Routes.php')
10 SYSTEMPATH/CodeIgniter.php(823): CodeIgniter\Router\RouteCollection->loadRoutes()
11 SYSTEMPATH/CodeIgniter.php(457): CodeIgniter\CodeIgniter->tryToRouteIt(null)
12 SYSTEMPATH/CodeIgniter.php(355): CodeIgniter\CodeIgniter->handleRequest(null, Object(Config\Cache), false)
13 SYSTEMPATH/Boot.php(325): CodeIgniter\CodeIgniter->run()
14 SYSTEMPATH/Boot.php(67): CodeIgniter\Boot::runCodeIgniter(Object(CodeIgniter\CodeIgniter))
15 FCPATH/index.php(56): CodeIgniter\Boot::bootWeb(Object(Config\Paths))
CRITICAL - 2025-02-06 05:45:18 --> Error: Undefined constant "CodeIgniter\Database\MySQLi\MYSQLI_STORE_RESULT"
[Method: GET, Route: /]
in SYSTEMPATH/Database/Database.php on line 139.
 1 SYSTEMPATH/Database/Database.php(57): CodeIgniter\Database\Database->initDriver('MySQLi', 'Connection', [...])
 2 SYSTEMPATH/Database/Config.php(84): CodeIgniter\Database\Database->load([...], 'default')
 3 APPPATH/Config/Globals.php(31): CodeIgniter\Database\Config::connect()
 4 APPPATH/Config/Globals.php(245): Config\Globals::setGlobals()
 5 SYSTEMPATH/Autoloader/Autoloader.php(317): include_once('/home/ktvgqwmj/develop.nextora.co.in/app/Config/Globals.php')
 6 SYSTEMPATH/Autoloader/Autoloader.php(296): CodeIgniter\Autoloader\Autoloader->includeFile('/home/ktvgqwmj/develop.nextora.co.in/app/Config/Globals.php')
 7 SYSTEMPATH/Autoloader/Autoloader.php(272): CodeIgniter\Autoloader\Autoloader->loadInNamespace('Config\\Globals')
 8 APPPATH/Config/Routes.php(6): CodeIgniter\Autoloader\Autoloader->loadClass('Config\\Globals')
 9 SYSTEMPATH/Router/RouteCollection.php(340): require('/home/ktvgqwmj/develop.nextora.co.in/app/Config/Routes.php')
10 SYSTEMPATH/CodeIgniter.php(823): CodeIgniter\Router\RouteCollection->loadRoutes()
11 SYSTEMPATH/CodeIgniter.php(457): CodeIgniter\CodeIgniter->tryToRouteIt(null)
12 SYSTEMPATH/CodeIgniter.php(355): CodeIgniter\CodeIgniter->handleRequest(null, Object(Config\Cache), false)
13 SYSTEMPATH/Boot.php(325): CodeIgniter\CodeIgniter->run()
14 SYSTEMPATH/Boot.php(67): CodeIgniter\Boot::runCodeIgniter(Object(CodeIgniter\CodeIgniter))
15 FCPATH/index.php(56): CodeIgniter\Boot::bootWeb(Object(Config\Paths))
CRITICAL - 2025-02-06 05:45:18 --> Error: Undefined constant "CodeIgniter\Database\MySQLi\MYSQLI_STORE_RESULT"
[Method: GET, Route: /]
in SYSTEMPATH/Database/Database.php on line 139.
 1 SYSTEMPATH/Database/Database.php(57): CodeIgniter\Database\Database->initDriver('MySQLi', 'Connection', [...])
 2 SYSTEMPATH/Database/Config.php(84): CodeIgniter\Database\Database->load([...], 'default')
 3 APPPATH/Config/Globals.php(31): CodeIgniter\Database\Config::connect()
 4 APPPATH/Config/Globals.php(245): Config\Globals::setGlobals()
 5 SYSTEMPATH/Autoloader/Autoloader.php(317): include_once('/home/ktvgqwmj/develop.nextora.co.in/app/Config/Globals.php')
 6 SYSTEMPATH/Autoloader/Autoloader.php(296): CodeIgniter\Autoloader\Autoloader->includeFile('/home/ktvgqwmj/develop.nextora.co.in/app/Config/Globals.php')
 7 SYSTEMPATH/Autoloader/Autoloader.php(272): CodeIgniter\Autoloader\Autoloader->loadInNamespace('Config\\Globals')
 8 APPPATH/Config/Routes.php(6): CodeIgniter\Autoloader\Autoloader->loadClass('Config\\Globals')
 9 SYSTEMPATH/Router/RouteCollection.php(340): require('/home/ktvgqwmj/develop.nextora.co.in/app/Config/Routes.php')
10 SYSTEMPATH/CodeIgniter.php(823): CodeIgniter\Router\RouteCollection->loadRoutes()
11 SYSTEMPATH/CodeIgniter.php(457): CodeIgniter\CodeIgniter->tryToRouteIt(null)
12 SYSTEMPATH/CodeIgniter.php(355): CodeIgniter\CodeIgniter->handleRequest(null, Object(Config\Cache), false)
13 SYSTEMPATH/Boot.php(325): CodeIgniter\CodeIgniter->run()
14 SYSTEMPATH/Boot.php(67): CodeIgniter\Boot::runCodeIgniter(Object(CodeIgniter\CodeIgniter))
15 FCPATH/index.php(56): CodeIgniter\Boot::bootWeb(Object(Config\Paths))
CRITICAL - 2025-02-06 05:45:18 --> Error: Undefined constant "CodeIgniter\Database\MySQLi\MYSQLI_STORE_RESULT"
[Method: GET, Route: /]
in SYSTEMPATH/Database/Database.php on line 139.
 1 SYSTEMPATH/Database/Database.php(57): CodeIgniter\Database\Database->initDriver('MySQLi', 'Connection', [...])
 2 SYSTEMPATH/Database/Config.php(84): CodeIgniter\Database\Database->load([...], 'default')
 3 APPPATH/Config/Globals.php(31): CodeIgniter\Database\Config::connect()
 4 APPPATH/Config/Globals.php(245): Config\Globals::setGlobals()
 5 SYSTEMPATH/Autoloader/Autoloader.php(317): include_once('/home/ktvgqwmj/develop.nextora.co.in/app/Config/Globals.php')
 6 SYSTEMPATH/Autoloader/Autoloader.php(296): CodeIgniter\Autoloader\Autoloader->includeFile('/home/ktvgqwmj/develop.nextora.co.in/app/Config/Globals.php')
 7 SYSTEMPATH/Autoloader/Autoloader.php(272): CodeIgniter\Autoloader\Autoloader->loadInNamespace('Config\\Globals')
 8 APPPATH/Config/Routes.php(6): CodeIgniter\Autoloader\Autoloader->loadClass('Config\\Globals')
 9 SYSTEMPATH/Router/RouteCollection.php(340): require('/home/ktvgqwmj/develop.nextora.co.in/app/Config/Routes.php')
10 SYSTEMPATH/CodeIgniter.php(823): CodeIgniter\Router\RouteCollection->loadRoutes()
11 SYSTEMPATH/CodeIgniter.php(457): CodeIgniter\CodeIgniter->tryToRouteIt(null)
12 SYSTEMPATH/CodeIgniter.php(355): CodeIgniter\CodeIgniter->handleRequest(null, Object(Config\Cache), false)
13 SYSTEMPATH/Boot.php(325): CodeIgniter\CodeIgniter->run()
14 SYSTEMPATH/Boot.php(67): CodeIgniter\Boot::runCodeIgniter(Object(CodeIgniter\CodeIgniter))
15 FCPATH/index.php(56): CodeIgniter\Boot::bootWeb(Object(Config\Paths))
CRITICAL - 2025-02-06 05:45:38 --> Error: Undefined constant "CodeIgniter\Database\MySQLi\MYSQLI_STORE_RESULT"
[Method: GET, Route: /]
in SYSTEMPATH/Database/Database.php on line 139.
 1 SYSTEMPATH/Database/Database.php(57): CodeIgniter\Database\Database->initDriver('MySQLi', 'Connection', [...])
 2 SYSTEMPATH/Database/Config.php(84): CodeIgniter\Database\Database->load([...], 'default')
 3 APPPATH/Config/Globals.php(31): CodeIgniter\Database\Config::connect()
 4 APPPATH/Config/Globals.php(245): Config\Globals::setGlobals()
 5 SYSTEMPATH/Autoloader/Autoloader.php(317): include_once('/home/ktvgqwmj/develop.nextora.co.in/app/Config/Globals.php')
 6 SYSTEMPATH/Autoloader/Autoloader.php(296): CodeIgniter\Autoloader\Autoloader->includeFile('/home/ktvgqwmj/develop.nextora.co.in/app/Config/Globals.php')
 7 SYSTEMPATH/Autoloader/Autoloader.php(272): CodeIgniter\Autoloader\Autoloader->loadInNamespace('Config\\Globals')
 8 APPPATH/Config/Routes.php(6): CodeIgniter\Autoloader\Autoloader->loadClass('Config\\Globals')
 9 SYSTEMPATH/Router/RouteCollection.php(340): require('/home/ktvgqwmj/develop.nextora.co.in/app/Config/Routes.php')
10 SYSTEMPATH/CodeIgniter.php(823): CodeIgniter\Router\RouteCollection->loadRoutes()
11 SYSTEMPATH/CodeIgniter.php(457): CodeIgniter\CodeIgniter->tryToRouteIt(null)
12 SYSTEMPATH/CodeIgniter.php(355): CodeIgniter\CodeIgniter->handleRequest(null, Object(Config\Cache), false)
13 SYSTEMPATH/Boot.php(325): CodeIgniter\CodeIgniter->run()
14 SYSTEMPATH/Boot.php(67): CodeIgniter\Boot::runCodeIgniter(Object(CodeIgniter\CodeIgniter))
15 FCPATH/index.php(56): CodeIgniter\Boot::bootWeb(Object(Config\Paths))
CRITICAL - 2025-02-06 05:45:38 --> Error: Undefined constant "CodeIgniter\Database\MySQLi\MYSQLI_STORE_RESULT"
[Method: GET, Route: /]
in SYSTEMPATH/Database/Database.php on line 139.
 1 SYSTEMPATH/Database/Database.php(57): CodeIgniter\Database\Database->initDriver('MySQLi', 'Connection', [...])
 2 SYSTEMPATH/Database/Config.php(84): CodeIgniter\Database\Database->load([...], 'default')
 3 APPPATH/Config/Globals.php(31): CodeIgniter\Database\Config::connect()
 4 APPPATH/Config/Globals.php(245): Config\Globals::setGlobals()
 5 SYSTEMPATH/Autoloader/Autoloader.php(317): include_once('/home/ktvgqwmj/develop.nextora.co.in/app/Config/Globals.php')
 6 SYSTEMPATH/Autoloader/Autoloader.php(296): CodeIgniter\Autoloader\Autoloader->includeFile('/home/ktvgqwmj/develop.nextora.co.in/app/Config/Globals.php')
 7 SYSTEMPATH/Autoloader/Autoloader.php(272): CodeIgniter\Autoloader\Autoloader->loadInNamespace('Config\\Globals')
 8 APPPATH/Config/Routes.php(6): CodeIgniter\Autoloader\Autoloader->loadClass('Config\\Globals')
 9 SYSTEMPATH/Router/RouteCollection.php(340): require('/home/ktvgqwmj/develop.nextora.co.in/app/Config/Routes.php')
10 SYSTEMPATH/CodeIgniter.php(823): CodeIgniter\Router\RouteCollection->loadRoutes()
11 SYSTEMPATH/CodeIgniter.php(457): CodeIgniter\CodeIgniter->tryToRouteIt(null)
12 SYSTEMPATH/CodeIgniter.php(355): CodeIgniter\CodeIgniter->handleRequest(null, Object(Config\Cache), false)
13 SYSTEMPATH/Boot.php(325): CodeIgniter\CodeIgniter->run()
14 SYSTEMPATH/Boot.php(67): CodeIgniter\Boot::runCodeIgniter(Object(CodeIgniter\CodeIgniter))
15 FCPATH/index.php(56): CodeIgniter\Boot::bootWeb(Object(Config\Paths))
CRITICAL - 2025-02-06 05:45:39 --> Error: Undefined constant "CodeIgniter\Database\MySQLi\MYSQLI_STORE_RESULT"
[Method: GET, Route: /]
in SYSTEMPATH/Database/Database.php on line 139.
 1 SYSTEMPATH/Database/Database.php(57): CodeIgniter\Database\Database->initDriver('MySQLi', 'Connection', [...])
 2 SYSTEMPATH/Database/Config.php(84): CodeIgniter\Database\Database->load([...], 'default')
 3 APPPATH/Config/Globals.php(31): CodeIgniter\Database\Config::connect()
 4 APPPATH/Config/Globals.php(245): Config\Globals::setGlobals()
 5 SYSTEMPATH/Autoloader/Autoloader.php(317): include_once('/home/ktvgqwmj/develop.nextora.co.in/app/Config/Globals.php')
 6 SYSTEMPATH/Autoloader/Autoloader.php(296): CodeIgniter\Autoloader\Autoloader->includeFile('/home/ktvgqwmj/develop.nextora.co.in/app/Config/Globals.php')
 7 SYSTEMPATH/Autoloader/Autoloader.php(272): CodeIgniter\Autoloader\Autoloader->loadInNamespace('Config\\Globals')
 8 APPPATH/Config/Routes.php(6): CodeIgniter\Autoloader\Autoloader->loadClass('Config\\Globals')
 9 SYSTEMPATH/Router/RouteCollection.php(340): require('/home/ktvgqwmj/develop.nextora.co.in/app/Config/Routes.php')
10 SYSTEMPATH/CodeIgniter.php(823): CodeIgniter\Router\RouteCollection->loadRoutes()
11 SYSTEMPATH/CodeIgniter.php(457): CodeIgniter\CodeIgniter->tryToRouteIt(null)
12 SYSTEMPATH/CodeIgniter.php(355): CodeIgniter\CodeIgniter->handleRequest(null, Object(Config\Cache), false)
13 SYSTEMPATH/Boot.php(325): CodeIgniter\CodeIgniter->run()
14 SYSTEMPATH/Boot.php(67): CodeIgniter\Boot::runCodeIgniter(Object(CodeIgniter\CodeIgniter))
15 FCPATH/index.php(56): CodeIgniter\Boot::bootWeb(Object(Config\Paths))
CRITICAL - 2025-02-06 05:45:39 --> Error: Undefined constant "CodeIgniter\Database\MySQLi\MYSQLI_STORE_RESULT"
[Method: GET, Route: /]
in SYSTEMPATH/Database/Database.php on line 139.
 1 SYSTEMPATH/Database/Database.php(57): CodeIgniter\Database\Database->initDriver('MySQLi', 'Connection', [...])
 2 SYSTEMPATH/Database/Config.php(84): CodeIgniter\Database\Database->load([...], 'default')
 3 APPPATH/Config/Globals.php(31): CodeIgniter\Database\Config::connect()
 4 APPPATH/Config/Globals.php(245): Config\Globals::setGlobals()
 5 SYSTEMPATH/Autoloader/Autoloader.php(317): include_once('/home/ktvgqwmj/develop.nextora.co.in/app/Config/Globals.php')
 6 SYSTEMPATH/Autoloader/Autoloader.php(296): CodeIgniter\Autoloader\Autoloader->includeFile('/home/ktvgqwmj/develop.nextora.co.in/app/Config/Globals.php')
 7 SYSTEMPATH/Autoloader/Autoloader.php(272): CodeIgniter\Autoloader\Autoloader->loadInNamespace('Config\\Globals')
 8 APPPATH/Config/Routes.php(6): CodeIgniter\Autoloader\Autoloader->loadClass('Config\\Globals')
 9 SYSTEMPATH/Router/RouteCollection.php(340): require('/home/ktvgqwmj/develop.nextora.co.in/app/Config/Routes.php')
10 SYSTEMPATH/CodeIgniter.php(823): CodeIgniter\Router\RouteCollection->loadRoutes()
11 SYSTEMPATH/CodeIgniter.php(457): CodeIgniter\CodeIgniter->tryToRouteIt(null)
12 SYSTEMPATH/CodeIgniter.php(355): CodeIgniter\CodeIgniter->handleRequest(null, Object(Config\Cache), false)
13 SYSTEMPATH/Boot.php(325): CodeIgniter\CodeIgniter->run()
14 SYSTEMPATH/Boot.php(67): CodeIgniter\Boot::runCodeIgniter(Object(CodeIgniter\CodeIgniter))
15 FCPATH/index.php(56): CodeIgniter\Boot::bootWeb(Object(Config\Paths))
CRITICAL - 2025-02-06 05:45:39 --> Error: Undefined constant "CodeIgniter\Database\MySQLi\MYSQLI_STORE_RESULT"
[Method: GET, Route: /]
in SYSTEMPATH/Database/Database.php on line 139.
 1 SYSTEMPATH/Database/Database.php(57): CodeIgniter\Database\Database->initDriver('MySQLi', 'Connection', [...])
 2 SYSTEMPATH/Database/Config.php(84): CodeIgniter\Database\Database->load([...], 'default')
 3 APPPATH/Config/Globals.php(31): CodeIgniter\Database\Config::connect()
 4 APPPATH/Config/Globals.php(245): Config\Globals::setGlobals()
 5 SYSTEMPATH/Autoloader/Autoloader.php(317): include_once('/home/ktvgqwmj/develop.nextora.co.in/app/Config/Globals.php')
 6 SYSTEMPATH/Autoloader/Autoloader.php(296): CodeIgniter\Autoloader\Autoloader->includeFile('/home/ktvgqwmj/develop.nextora.co.in/app/Config/Globals.php')
 7 SYSTEMPATH/Autoloader/Autoloader.php(272): CodeIgniter\Autoloader\Autoloader->loadInNamespace('Config\\Globals')
 8 APPPATH/Config/Routes.php(6): CodeIgniter\Autoloader\Autoloader->loadClass('Config\\Globals')
 9 SYSTEMPATH/Router/RouteCollection.php(340): require('/home/ktvgqwmj/develop.nextora.co.in/app/Config/Routes.php')
10 SYSTEMPATH/CodeIgniter.php(823): CodeIgniter\Router\RouteCollection->loadRoutes()
11 SYSTEMPATH/CodeIgniter.php(457): CodeIgniter\CodeIgniter->tryToRouteIt(null)
12 SYSTEMPATH/CodeIgniter.php(355): CodeIgniter\CodeIgniter->handleRequest(null, Object(Config\Cache), false)
13 SYSTEMPATH/Boot.php(325): CodeIgniter\CodeIgniter->run()
14 SYSTEMPATH/Boot.php(67): CodeIgniter\Boot::runCodeIgniter(Object(CodeIgniter\CodeIgniter))
15 FCPATH/index.php(56): CodeIgniter\Boot::bootWeb(Object(Config\Paths))
CRITICAL - 2025-02-06 05:45:39 --> Error: Undefined constant "CodeIgniter\Database\MySQLi\MYSQLI_STORE_RESULT"
[Method: GET, Route: /]
in SYSTEMPATH/Database/Database.php on line 139.
 1 SYSTEMPATH/Database/Database.php(57): CodeIgniter\Database\Database->initDriver('MySQLi', 'Connection', [...])
 2 SYSTEMPATH/Database/Config.php(84): CodeIgniter\Database\Database->load([...], 'default')
 3 APPPATH/Config/Globals.php(31): CodeIgniter\Database\Config::connect()
 4 APPPATH/Config/Globals.php(245): Config\Globals::setGlobals()
 5 SYSTEMPATH/Autoloader/Autoloader.php(317): include_once('/home/ktvgqwmj/develop.nextora.co.in/app/Config/Globals.php')
 6 SYSTEMPATH/Autoloader/Autoloader.php(296): CodeIgniter\Autoloader\Autoloader->includeFile('/home/ktvgqwmj/develop.nextora.co.in/app/Config/Globals.php')
 7 SYSTEMPATH/Autoloader/Autoloader.php(272): CodeIgniter\Autoloader\Autoloader->loadInNamespace('Config\\Globals')
 8 APPPATH/Config/Routes.php(6): CodeIgniter\Autoloader\Autoloader->loadClass('Config\\Globals')
 9 SYSTEMPATH/Router/RouteCollection.php(340): require('/home/ktvgqwmj/develop.nextora.co.in/app/Config/Routes.php')
10 SYSTEMPATH/CodeIgniter.php(823): CodeIgniter\Router\RouteCollection->loadRoutes()
11 SYSTEMPATH/CodeIgniter.php(457): CodeIgniter\CodeIgniter->tryToRouteIt(null)
12 SYSTEMPATH/CodeIgniter.php(355): CodeIgniter\CodeIgniter->handleRequest(null, Object(Config\Cache), false)
13 SYSTEMPATH/Boot.php(325): CodeIgniter\CodeIgniter->run()
14 SYSTEMPATH/Boot.php(67): CodeIgniter\Boot::runCodeIgniter(Object(CodeIgniter\CodeIgniter))
15 FCPATH/index.php(56): CodeIgniter\Boot::bootWeb(Object(Config\Paths))
CRITICAL - 2025-02-06 05:45:39 --> Error: Undefined constant "CodeIgniter\Database\MySQLi\MYSQLI_STORE_RESULT"
[Method: GET, Route: /]
in SYSTEMPATH/Database/Database.php on line 139.
 1 SYSTEMPATH/Database/Database.php(57): CodeIgniter\Database\Database->initDriver('MySQLi', 'Connection', [...])
 2 SYSTEMPATH/Database/Config.php(84): CodeIgniter\Database\Database->load([...], 'default')
 3 APPPATH/Config/Globals.php(31): CodeIgniter\Database\Config::connect()
 4 APPPATH/Config/Globals.php(245): Config\Globals::setGlobals()
 5 SYSTEMPATH/Autoloader/Autoloader.php(317): include_once('/home/ktvgqwmj/develop.nextora.co.in/app/Config/Globals.php')
 6 SYSTEMPATH/Autoloader/Autoloader.php(296): CodeIgniter\Autoloader\Autoloader->includeFile('/home/ktvgqwmj/develop.nextora.co.in/app/Config/Globals.php')
 7 SYSTEMPATH/Autoloader/Autoloader.php(272): CodeIgniter\Autoloader\Autoloader->loadInNamespace('Config\\Globals')
 8 APPPATH/Config/Routes.php(6): CodeIgniter\Autoloader\Autoloader->loadClass('Config\\Globals')
 9 SYSTEMPATH/Router/RouteCollection.php(340): require('/home/ktvgqwmj/develop.nextora.co.in/app/Config/Routes.php')
10 SYSTEMPATH/CodeIgniter.php(823): CodeIgniter\Router\RouteCollection->loadRoutes()
11 SYSTEMPATH/CodeIgniter.php(457): CodeIgniter\CodeIgniter->tryToRouteIt(null)
12 SYSTEMPATH/CodeIgniter.php(355): CodeIgniter\CodeIgniter->handleRequest(null, Object(Config\Cache), false)
13 SYSTEMPATH/Boot.php(325): CodeIgniter\CodeIgniter->run()
14 SYSTEMPATH/Boot.php(67): CodeIgniter\Boot::runCodeIgniter(Object(CodeIgniter\CodeIgniter))
15 FCPATH/index.php(56): CodeIgniter\Boot::bootWeb(Object(Config\Paths))
CRITICAL - 2025-02-06 05:45:40 --> Error: Undefined constant "CodeIgniter\Database\MySQLi\MYSQLI_STORE_RESULT"
[Method: GET, Route: /]
in SYSTEMPATH/Database/Database.php on line 139.
 1 SYSTEMPATH/Database/Database.php(57): CodeIgniter\Database\Database->initDriver('MySQLi', 'Connection', [...])
 2 SYSTEMPATH/Database/Config.php(84): CodeIgniter\Database\Database->load([...], 'default')
 3 APPPATH/Config/Globals.php(31): CodeIgniter\Database\Config::connect()
 4 APPPATH/Config/Globals.php(245): Config\Globals::setGlobals()
 5 SYSTEMPATH/Autoloader/Autoloader.php(317): include_once('/home/ktvgqwmj/develop.nextora.co.in/app/Config/Globals.php')
 6 SYSTEMPATH/Autoloader/Autoloader.php(296): CodeIgniter\Autoloader\Autoloader->includeFile('/home/ktvgqwmj/develop.nextora.co.in/app/Config/Globals.php')
 7 SYSTEMPATH/Autoloader/Autoloader.php(272): CodeIgniter\Autoloader\Autoloader->loadInNamespace('Config\\Globals')
 8 APPPATH/Config/Routes.php(6): CodeIgniter\Autoloader\Autoloader->loadClass('Config\\Globals')
 9 SYSTEMPATH/Router/RouteCollection.php(340): require('/home/ktvgqwmj/develop.nextora.co.in/app/Config/Routes.php')
10 SYSTEMPATH/CodeIgniter.php(823): CodeIgniter\Router\RouteCollection->loadRoutes()
11 SYSTEMPATH/CodeIgniter.php(457): CodeIgniter\CodeIgniter->tryToRouteIt(null)
12 SYSTEMPATH/CodeIgniter.php(355): CodeIgniter\CodeIgniter->handleRequest(null, Object(Config\Cache), false)
13 SYSTEMPATH/Boot.php(325): CodeIgniter\CodeIgniter->run()
14 SYSTEMPATH/Boot.php(67): CodeIgniter\Boot::runCodeIgniter(Object(CodeIgniter\CodeIgniter))
15 FCPATH/index.php(56): CodeIgniter\Boot::bootWeb(Object(Config\Paths))
CRITICAL - 2025-02-06 05:45:40 --> Error: Undefined constant "CodeIgniter\Database\MySQLi\MYSQLI_STORE_RESULT"
[Method: GET, Route: /]
in SYSTEMPATH/Database/Database.php on line 139.
 1 SYSTEMPATH/Database/Database.php(57): CodeIgniter\Database\Database->initDriver('MySQLi', 'Connection', [...])
 2 SYSTEMPATH/Database/Config.php(84): CodeIgniter\Database\Database->load([...], 'default')
 3 APPPATH/Config/Globals.php(31): CodeIgniter\Database\Config::connect()
 4 APPPATH/Config/Globals.php(245): Config\Globals::setGlobals()
 5 SYSTEMPATH/Autoloader/Autoloader.php(317): include_once('/home/ktvgqwmj/develop.nextora.co.in/app/Config/Globals.php')
 6 SYSTEMPATH/Autoloader/Autoloader.php(296): CodeIgniter\Autoloader\Autoloader->includeFile('/home/ktvgqwmj/develop.nextora.co.in/app/Config/Globals.php')
 7 SYSTEMPATH/Autoloader/Autoloader.php(272): CodeIgniter\Autoloader\Autoloader->loadInNamespace('Config\\Globals')
 8 APPPATH/Config/Routes.php(6): CodeIgniter\Autoloader\Autoloader->loadClass('Config\\Globals')
 9 SYSTEMPATH/Router/RouteCollection.php(340): require('/home/ktvgqwmj/develop.nextora.co.in/app/Config/Routes.php')
10 SYSTEMPATH/CodeIgniter.php(823): CodeIgniter\Router\RouteCollection->loadRoutes()
11 SYSTEMPATH/CodeIgniter.php(457): CodeIgniter\CodeIgniter->tryToRouteIt(null)
12 SYSTEMPATH/CodeIgniter.php(355): CodeIgniter\CodeIgniter->handleRequest(null, Object(Config\Cache), false)
13 SYSTEMPATH/Boot.php(325): CodeIgniter\CodeIgniter->run()
14 SYSTEMPATH/Boot.php(67): CodeIgniter\Boot::runCodeIgniter(Object(CodeIgniter\CodeIgniter))
15 FCPATH/index.php(56): CodeIgniter\Boot::bootWeb(Object(Config\Paths))
