CRITICAL - 2025-02-08 13:18:25 --> ErrorException: Undefined variable $orText
[Method: GET, Route: /]
in APPPATH/Views/auth/_social_login.php on line 32.
 1 APPPATH/Views/auth/_social_login.php(32): CodeIgniter\Debug\Exceptions->errorHandler()
 2 SYSTEMPATH/View/View.php(234): include('/home/ktvgqwmj/develop.nextora.co.in/app/Views/auth/_social_login.php')
 3 SYSTEMPATH/View/View.php(237): CodeIgniter\View\View->CodeIgniter\View\{closure}()
 4 SYSTEMPATH/Common.php(1169): CodeIgniter\View\View->render()
 5 APPPATH/Views/partials/_header.php(389): view()
 6 SYSTEMPATH/View/View.php(234): include('/home/ktvgqwmj/develop.nextora.co.in/app/Views/partials/_header.php')
 7 SYSTEMPATH/View/View.php(237): CodeIgniter\View\View->CodeIgniter\View\{closure}()
 8 SYSTEMPATH/Common.php(1169): CodeIgniter\View\View->render()
 9 APPPATH/Controllers/HomeController.php(59): view()
10 SYSTEMPATH/CodeIgniter.php(933): App\Controllers\HomeController->index()
11 SYSTEMPATH/CodeIgniter.php(509): CodeIgniter\CodeIgniter->runController()
12 SYSTEMPATH/CodeIgniter.php(355): CodeIgniter\CodeIgniter->handleRequest()
13 SYSTEMPATH/Boot.php(325): CodeIgniter\CodeIgniter->run()
14 SYSTEMPATH/Boot.php(67): CodeIgniter\Boot::runCodeIgniter()
15 FCPATH/index.php(56): CodeIgniter\Boot::bootWeb()
CRITICAL - 2025-02-08 13:18:41 --> ErrorException: Undefined variable $orText
[Method: GET, Route: /]
in APPPATH/Views/auth/_social_login.php on line 32.
 1 APPPATH/Views/auth/_social_login.php(32): CodeIgniter\Debug\Exceptions->errorHandler()
 2 SYSTEMPATH/View/View.php(234): include('/home/ktvgqwmj/develop.nextora.co.in/app/Views/auth/_social_login.php')
 3 SYSTEMPATH/View/View.php(237): CodeIgniter\View\View->CodeIgniter\View\{closure}()
 4 SYSTEMPATH/Common.php(1169): CodeIgniter\View\View->render()
 5 APPPATH/Views/partials/_header.php(389): view()
 6 SYSTEMPATH/View/View.php(234): include('/home/ktvgqwmj/develop.nextora.co.in/app/Views/partials/_header.php')
 7 SYSTEMPATH/View/View.php(237): CodeIgniter\View\View->CodeIgniter\View\{closure}()
 8 SYSTEMPATH/Common.php(1169): CodeIgniter\View\View->render()
 9 APPPATH/Controllers/HomeController.php(59): view()
10 SYSTEMPATH/CodeIgniter.php(933): App\Controllers\HomeController->index()
11 SYSTEMPATH/CodeIgniter.php(509): CodeIgniter\CodeIgniter->runController()
12 SYSTEMPATH/CodeIgniter.php(355): CodeIgniter\CodeIgniter->handleRequest()
13 SYSTEMPATH/Boot.php(325): CodeIgniter\CodeIgniter->run()
14 SYSTEMPATH/Boot.php(67): CodeIgniter\Boot::runCodeIgniter()
15 FCPATH/index.php(56): CodeIgniter\Boot::bootWeb()
CRITICAL - 2025-02-08 13:18:42 --> ErrorException: Undefined variable $orText
[Method: GET, Route: /]
in APPPATH/Views/auth/_social_login.php on line 32.
 1 APPPATH/Views/auth/_social_login.php(32): CodeIgniter\Debug\Exceptions->errorHandler()
 2 SYSTEMPATH/View/View.php(234): include('/home/ktvgqwmj/develop.nextora.co.in/app/Views/auth/_social_login.php')
 3 SYSTEMPATH/View/View.php(237): CodeIgniter\View\View->CodeIgniter\View\{closure}()
 4 SYSTEMPATH/Common.php(1169): CodeIgniter\View\View->render()
 5 APPPATH/Views/partials/_header.php(389): view()
 6 SYSTEMPATH/View/View.php(234): include('/home/ktvgqwmj/develop.nextora.co.in/app/Views/partials/_header.php')
 7 SYSTEMPATH/View/View.php(237): CodeIgniter\View\View->CodeIgniter\View\{closure}()
 8 SYSTEMPATH/Common.php(1169): CodeIgniter\View\View->render()
 9 APPPATH/Controllers/HomeController.php(59): view()
10 SYSTEMPATH/CodeIgniter.php(933): App\Controllers\HomeController->index()
11 SYSTEMPATH/CodeIgniter.php(509): CodeIgniter\CodeIgniter->runController()
12 SYSTEMPATH/CodeIgniter.php(355): CodeIgniter\CodeIgniter->handleRequest()
13 SYSTEMPATH/Boot.php(325): CodeIgniter\CodeIgniter->run()
14 SYSTEMPATH/Boot.php(67): CodeIgniter\Boot::runCodeIgniter()
15 FCPATH/index.php(56): CodeIgniter\Boot::bootWeb()
CRITICAL - 2025-02-08 13:18:43 --> ErrorException: Undefined variable $orText
[Method: GET, Route: /]
in APPPATH/Views/auth/_social_login.php on line 32.
 1 APPPATH/Views/auth/_social_login.php(32): CodeIgniter\Debug\Exceptions->errorHandler()
 2 SYSTEMPATH/View/View.php(234): include('/home/ktvgqwmj/develop.nextora.co.in/app/Views/auth/_social_login.php')
 3 SYSTEMPATH/View/View.php(237): CodeIgniter\View\View->CodeIgniter\View\{closure}()
 4 SYSTEMPATH/Common.php(1169): CodeIgniter\View\View->render()
 5 APPPATH/Views/partials/_header.php(389): view()
 6 SYSTEMPATH/View/View.php(234): include('/home/ktvgqwmj/develop.nextora.co.in/app/Views/partials/_header.php')
 7 SYSTEMPATH/View/View.php(237): CodeIgniter\View\View->CodeIgniter\View\{closure}()
 8 SYSTEMPATH/Common.php(1169): CodeIgniter\View\View->render()
 9 APPPATH/Controllers/HomeController.php(59): view()
10 SYSTEMPATH/CodeIgniter.php(933): App\Controllers\HomeController->index()
11 SYSTEMPATH/CodeIgniter.php(509): CodeIgniter\CodeIgniter->runController()
12 SYSTEMPATH/CodeIgniter.php(355): CodeIgniter\CodeIgniter->handleRequest()
13 SYSTEMPATH/Boot.php(325): CodeIgniter\CodeIgniter->run()
14 SYSTEMPATH/Boot.php(67): CodeIgniter\Boot::runCodeIgniter()
15 FCPATH/index.php(56): CodeIgniter\Boot::bootWeb()
CRITICAL - 2025-02-08 13:18:43 --> ErrorException: Undefined variable $orText
[Method: GET, Route: /]
in APPPATH/Views/auth/_social_login.php on line 32.
 1 APPPATH/Views/auth/_social_login.php(32): CodeIgniter\Debug\Exceptions->errorHandler()
 2 SYSTEMPATH/View/View.php(234): include('/home/ktvgqwmj/develop.nextora.co.in/app/Views/auth/_social_login.php')
 3 SYSTEMPATH/View/View.php(237): CodeIgniter\View\View->CodeIgniter\View\{closure}()
 4 SYSTEMPATH/Common.php(1169): CodeIgniter\View\View->render()
 5 APPPATH/Views/partials/_header.php(389): view()
 6 SYSTEMPATH/View/View.php(234): include('/home/ktvgqwmj/develop.nextora.co.in/app/Views/partials/_header.php')
 7 SYSTEMPATH/View/View.php(237): CodeIgniter\View\View->CodeIgniter\View\{closure}()
 8 SYSTEMPATH/Common.php(1169): CodeIgniter\View\View->render()
 9 APPPATH/Controllers/HomeController.php(59): view()
10 SYSTEMPATH/CodeIgniter.php(933): App\Controllers\HomeController->index()
11 SYSTEMPATH/CodeIgniter.php(509): CodeIgniter\CodeIgniter->runController()
12 SYSTEMPATH/CodeIgniter.php(355): CodeIgniter\CodeIgniter->handleRequest()
13 SYSTEMPATH/Boot.php(325): CodeIgniter\CodeIgniter->run()
14 SYSTEMPATH/Boot.php(67): CodeIgniter\Boot::runCodeIgniter()
15 FCPATH/index.php(56): CodeIgniter\Boot::bootWeb()
CRITICAL - 2025-02-08 13:19:23 --> ErrorException: Undefined variable $orText
[Method: GET, Route: /]
in APPPATH/Views/auth/_social_login.php on line 32.
 1 APPPATH/Views/auth/_social_login.php(32): CodeIgniter\Debug\Exceptions->errorHandler()
 2 SYSTEMPATH/View/View.php(234): include('/home/ktvgqwmj/develop.nextora.co.in/app/Views/auth/_social_login.php')
 3 SYSTEMPATH/View/View.php(237): CodeIgniter\View\View->CodeIgniter\View\{closure}()
 4 SYSTEMPATH/Common.php(1169): CodeIgniter\View\View->render()
 5 APPPATH/Views/partials/_header.php(389): view()
 6 SYSTEMPATH/View/View.php(234): include('/home/ktvgqwmj/develop.nextora.co.in/app/Views/partials/_header.php')
 7 SYSTEMPATH/View/View.php(237): CodeIgniter\View\View->CodeIgniter\View\{closure}()
 8 SYSTEMPATH/Common.php(1169): CodeIgniter\View\View->render()
 9 APPPATH/Controllers/HomeController.php(59): view()
10 SYSTEMPATH/CodeIgniter.php(933): App\Controllers\HomeController->index()
11 SYSTEMPATH/CodeIgniter.php(509): CodeIgniter\CodeIgniter->runController()
12 SYSTEMPATH/CodeIgniter.php(355): CodeIgniter\CodeIgniter->handleRequest()
13 SYSTEMPATH/Boot.php(325): CodeIgniter\CodeIgniter->run()
14 SYSTEMPATH/Boot.php(67): CodeIgniter\Boot::runCodeIgniter()
15 FCPATH/index.php(56): CodeIgniter\Boot::bootWeb()
CRITICAL - 2025-02-08 13:19:24 --> ErrorException: Undefined variable $orText
[Method: GET, Route: /]
in APPPATH/Views/auth/_social_login.php on line 32.
 1 APPPATH/Views/auth/_social_login.php(32): CodeIgniter\Debug\Exceptions->errorHandler()
 2 SYSTEMPATH/View/View.php(234): include('/home/ktvgqwmj/develop.nextora.co.in/app/Views/auth/_social_login.php')
 3 SYSTEMPATH/View/View.php(237): CodeIgniter\View\View->CodeIgniter\View\{closure}()
 4 SYSTEMPATH/Common.php(1169): CodeIgniter\View\View->render()
 5 APPPATH/Views/partials/_header.php(389): view()
 6 SYSTEMPATH/View/View.php(234): include('/home/ktvgqwmj/develop.nextora.co.in/app/Views/partials/_header.php')
 7 SYSTEMPATH/View/View.php(237): CodeIgniter\View\View->CodeIgniter\View\{closure}()
 8 SYSTEMPATH/Common.php(1169): CodeIgniter\View\View->render()
 9 APPPATH/Controllers/HomeController.php(59): view()
10 SYSTEMPATH/CodeIgniter.php(933): App\Controllers\HomeController->index()
11 SYSTEMPATH/CodeIgniter.php(509): CodeIgniter\CodeIgniter->runController()
12 SYSTEMPATH/CodeIgniter.php(355): CodeIgniter\CodeIgniter->handleRequest()
13 SYSTEMPATH/Boot.php(325): CodeIgniter\CodeIgniter->run()
14 SYSTEMPATH/Boot.php(67): CodeIgniter\Boot::runCodeIgniter()
15 FCPATH/index.php(56): CodeIgniter\Boot::bootWeb()
CRITICAL - 2025-02-08 13:20:25 --> ErrorException: Undefined variable $orText
[Method: GET, Route: /]
in APPPATH/Views/auth/_social_login.php on line 32.
 1 APPPATH/Views/auth/_social_login.php(32): CodeIgniter\Debug\Exceptions->errorHandler()
 2 SYSTEMPATH/View/View.php(234): include('/home/ktvgqwmj/develop.nextora.co.in/app/Views/auth/_social_login.php')
 3 SYSTEMPATH/View/View.php(237): CodeIgniter\View\View->CodeIgniter\View\{closure}()
 4 SYSTEMPATH/Common.php(1169): CodeIgniter\View\View->render()
 5 APPPATH/Views/partials/_header.php(389): view()
 6 SYSTEMPATH/View/View.php(234): include('/home/ktvgqwmj/develop.nextora.co.in/app/Views/partials/_header.php')
 7 SYSTEMPATH/View/View.php(237): CodeIgniter\View\View->CodeIgniter\View\{closure}()
 8 SYSTEMPATH/Common.php(1169): CodeIgniter\View\View->render()
 9 APPPATH/Controllers/HomeController.php(59): view()
10 SYSTEMPATH/CodeIgniter.php(933): App\Controllers\HomeController->index()
11 SYSTEMPATH/CodeIgniter.php(509): CodeIgniter\CodeIgniter->runController()
12 SYSTEMPATH/CodeIgniter.php(355): CodeIgniter\CodeIgniter->handleRequest()
13 SYSTEMPATH/Boot.php(325): CodeIgniter\CodeIgniter->run()
14 SYSTEMPATH/Boot.php(67): CodeIgniter\Boot::runCodeIgniter()
15 FCPATH/index.php(56): CodeIgniter\Boot::bootWeb()
CRITICAL - 2025-02-08 13:20:26 --> ErrorException: Undefined variable $orText
[Method: GET, Route: /]
in APPPATH/Views/auth/_social_login.php on line 32.
 1 APPPATH/Views/auth/_social_login.php(32): CodeIgniter\Debug\Exceptions->errorHandler()
 2 SYSTEMPATH/View/View.php(234): include('/home/ktvgqwmj/develop.nextora.co.in/app/Views/auth/_social_login.php')
 3 SYSTEMPATH/View/View.php(237): CodeIgniter\View\View->CodeIgniter\View\{closure}()
 4 SYSTEMPATH/Common.php(1169): CodeIgniter\View\View->render()
 5 APPPATH/Views/partials/_header.php(389): view()
 6 SYSTEMPATH/View/View.php(234): include('/home/ktvgqwmj/develop.nextora.co.in/app/Views/partials/_header.php')
 7 SYSTEMPATH/View/View.php(237): CodeIgniter\View\View->CodeIgniter\View\{closure}()
 8 SYSTEMPATH/Common.php(1169): CodeIgniter\View\View->render()
 9 APPPATH/Controllers/HomeController.php(59): view()
10 SYSTEMPATH/CodeIgniter.php(933): App\Controllers\HomeController->index()
11 SYSTEMPATH/CodeIgniter.php(509): CodeIgniter\CodeIgniter->runController()
12 SYSTEMPATH/CodeIgniter.php(355): CodeIgniter\CodeIgniter->handleRequest()
13 SYSTEMPATH/Boot.php(325): CodeIgniter\CodeIgniter->run()
14 SYSTEMPATH/Boot.php(67): CodeIgniter\Boot::runCodeIgniter()
15 FCPATH/index.php(56): CodeIgniter\Boot::bootWeb()
CRITICAL - 2025-02-08 13:20:27 --> ErrorException: Undefined variable $orText
[Method: GET, Route: /]
in APPPATH/Views/auth/_social_login.php on line 32.
 1 APPPATH/Views/auth/_social_login.php(32): CodeIgniter\Debug\Exceptions->errorHandler()
 2 SYSTEMPATH/View/View.php(234): include('/home/ktvgqwmj/develop.nextora.co.in/app/Views/auth/_social_login.php')
 3 SYSTEMPATH/View/View.php(237): CodeIgniter\View\View->CodeIgniter\View\{closure}()
 4 SYSTEMPATH/Common.php(1169): CodeIgniter\View\View->render()
 5 APPPATH/Views/partials/_header.php(389): view()
 6 SYSTEMPATH/View/View.php(234): include('/home/ktvgqwmj/develop.nextora.co.in/app/Views/partials/_header.php')
 7 SYSTEMPATH/View/View.php(237): CodeIgniter\View\View->CodeIgniter\View\{closure}()
 8 SYSTEMPATH/Common.php(1169): CodeIgniter\View\View->render()
 9 APPPATH/Controllers/HomeController.php(59): view()
10 SYSTEMPATH/CodeIgniter.php(933): App\Controllers\HomeController->index()
11 SYSTEMPATH/CodeIgniter.php(509): CodeIgniter\CodeIgniter->runController()
12 SYSTEMPATH/CodeIgniter.php(355): CodeIgniter\CodeIgniter->handleRequest()
13 SYSTEMPATH/Boot.php(325): CodeIgniter\CodeIgniter->run()
14 SYSTEMPATH/Boot.php(67): CodeIgniter\Boot::runCodeIgniter()
15 FCPATH/index.php(56): CodeIgniter\Boot::bootWeb()
CRITICAL - 2025-02-08 13:20:27 --> ErrorException: Undefined variable $orText
[Method: GET, Route: /]
in APPPATH/Views/auth/_social_login.php on line 32.
 1 APPPATH/Views/auth/_social_login.php(32): CodeIgniter\Debug\Exceptions->errorHandler()
 2 SYSTEMPATH/View/View.php(234): include('/home/ktvgqwmj/develop.nextora.co.in/app/Views/auth/_social_login.php')
 3 SYSTEMPATH/View/View.php(237): CodeIgniter\View\View->CodeIgniter\View\{closure}()
 4 SYSTEMPATH/Common.php(1169): CodeIgniter\View\View->render()
 5 APPPATH/Views/partials/_header.php(389): view()
 6 SYSTEMPATH/View/View.php(234): include('/home/ktvgqwmj/develop.nextora.co.in/app/Views/partials/_header.php')
 7 SYSTEMPATH/View/View.php(237): CodeIgniter\View\View->CodeIgniter\View\{closure}()
 8 SYSTEMPATH/Common.php(1169): CodeIgniter\View\View->render()
 9 APPPATH/Controllers/HomeController.php(59): view()
10 SYSTEMPATH/CodeIgniter.php(933): App\Controllers\HomeController->index()
11 SYSTEMPATH/CodeIgniter.php(509): CodeIgniter\CodeIgniter->runController()
12 SYSTEMPATH/CodeIgniter.php(355): CodeIgniter\CodeIgniter->handleRequest()
13 SYSTEMPATH/Boot.php(325): CodeIgniter\CodeIgniter->run()
14 SYSTEMPATH/Boot.php(67): CodeIgniter\Boot::runCodeIgniter()
15 FCPATH/index.php(56): CodeIgniter\Boot::bootWeb()
CRITICAL - 2025-02-08 13:20:27 --> ErrorException: Undefined variable $orText
[Method: GET, Route: /]
in APPPATH/Views/auth/_social_login.php on line 32.
 1 APPPATH/Views/auth/_social_login.php(32): CodeIgniter\Debug\Exceptions->errorHandler()
 2 SYSTEMPATH/View/View.php(234): include('/home/ktvgqwmj/develop.nextora.co.in/app/Views/auth/_social_login.php')
 3 SYSTEMPATH/View/View.php(237): CodeIgniter\View\View->CodeIgniter\View\{closure}()
 4 SYSTEMPATH/Common.php(1169): CodeIgniter\View\View->render()
 5 APPPATH/Views/partials/_header.php(389): view()
 6 SYSTEMPATH/View/View.php(234): include('/home/ktvgqwmj/develop.nextora.co.in/app/Views/partials/_header.php')
 7 SYSTEMPATH/View/View.php(237): CodeIgniter\View\View->CodeIgniter\View\{closure}()
 8 SYSTEMPATH/Common.php(1169): CodeIgniter\View\View->render()
 9 APPPATH/Controllers/HomeController.php(59): view()
10 SYSTEMPATH/CodeIgniter.php(933): App\Controllers\HomeController->index()
11 SYSTEMPATH/CodeIgniter.php(509): CodeIgniter\CodeIgniter->runController()
12 SYSTEMPATH/CodeIgniter.php(355): CodeIgniter\CodeIgniter->handleRequest()
13 SYSTEMPATH/Boot.php(325): CodeIgniter\CodeIgniter->run()
14 SYSTEMPATH/Boot.php(67): CodeIgniter\Boot::runCodeIgniter()
15 FCPATH/index.php(56): CodeIgniter\Boot::bootWeb()
CRITICAL - 2025-02-08 13:20:28 --> ErrorException: Undefined variable $orText
[Method: GET, Route: /]
in APPPATH/Views/auth/_social_login.php on line 32.
 1 APPPATH/Views/auth/_social_login.php(32): CodeIgniter\Debug\Exceptions->errorHandler()
 2 SYSTEMPATH/View/View.php(234): include('/home/ktvgqwmj/develop.nextora.co.in/app/Views/auth/_social_login.php')
 3 SYSTEMPATH/View/View.php(237): CodeIgniter\View\View->CodeIgniter\View\{closure}()
 4 SYSTEMPATH/Common.php(1169): CodeIgniter\View\View->render()
 5 APPPATH/Views/partials/_header.php(389): view()
 6 SYSTEMPATH/View/View.php(234): include('/home/ktvgqwmj/develop.nextora.co.in/app/Views/partials/_header.php')
 7 SYSTEMPATH/View/View.php(237): CodeIgniter\View\View->CodeIgniter\View\{closure}()
 8 SYSTEMPATH/Common.php(1169): CodeIgniter\View\View->render()
 9 APPPATH/Controllers/HomeController.php(59): view()
10 SYSTEMPATH/CodeIgniter.php(933): App\Controllers\HomeController->index()
11 SYSTEMPATH/CodeIgniter.php(509): CodeIgniter\CodeIgniter->runController()
12 SYSTEMPATH/CodeIgniter.php(355): CodeIgniter\CodeIgniter->handleRequest()
13 SYSTEMPATH/Boot.php(325): CodeIgniter\CodeIgniter->run()
14 SYSTEMPATH/Boot.php(67): CodeIgniter\Boot::runCodeIgniter()
15 FCPATH/index.php(56): CodeIgniter\Boot::bootWeb()
CRITICAL - 2025-02-08 13:20:28 --> ErrorException: Undefined variable $orText
[Method: GET, Route: /]
in APPPATH/Views/auth/_social_login.php on line 32.
 1 APPPATH/Views/auth/_social_login.php(32): CodeIgniter\Debug\Exceptions->errorHandler()
 2 SYSTEMPATH/View/View.php(234): include('/home/ktvgqwmj/develop.nextora.co.in/app/Views/auth/_social_login.php')
 3 SYSTEMPATH/View/View.php(237): CodeIgniter\View\View->CodeIgniter\View\{closure}()
 4 SYSTEMPATH/Common.php(1169): CodeIgniter\View\View->render()
 5 APPPATH/Views/partials/_header.php(389): view()
 6 SYSTEMPATH/View/View.php(234): include('/home/ktvgqwmj/develop.nextora.co.in/app/Views/partials/_header.php')
 7 SYSTEMPATH/View/View.php(237): CodeIgniter\View\View->CodeIgniter\View\{closure}()
 8 SYSTEMPATH/Common.php(1169): CodeIgniter\View\View->render()
 9 APPPATH/Controllers/HomeController.php(59): view()
10 SYSTEMPATH/CodeIgniter.php(933): App\Controllers\HomeController->index()
11 SYSTEMPATH/CodeIgniter.php(509): CodeIgniter\CodeIgniter->runController()
12 SYSTEMPATH/CodeIgniter.php(355): CodeIgniter\CodeIgniter->handleRequest()
13 SYSTEMPATH/Boot.php(325): CodeIgniter\CodeIgniter->run()
14 SYSTEMPATH/Boot.php(67): CodeIgniter\Boot::runCodeIgniter()
15 FCPATH/index.php(56): CodeIgniter\Boot::bootWeb()
CRITICAL - 2025-02-08 13:20:28 --> ErrorException: Undefined variable $orText
[Method: GET, Route: /]
in APPPATH/Views/auth/_social_login.php on line 32.
 1 APPPATH/Views/auth/_social_login.php(32): CodeIgniter\Debug\Exceptions->errorHandler()
 2 SYSTEMPATH/View/View.php(234): include('/home/ktvgqwmj/develop.nextora.co.in/app/Views/auth/_social_login.php')
 3 SYSTEMPATH/View/View.php(237): CodeIgniter\View\View->CodeIgniter\View\{closure}()
 4 SYSTEMPATH/Common.php(1169): CodeIgniter\View\View->render()
 5 APPPATH/Views/partials/_header.php(389): view()
 6 SYSTEMPATH/View/View.php(234): include('/home/ktvgqwmj/develop.nextora.co.in/app/Views/partials/_header.php')
 7 SYSTEMPATH/View/View.php(237): CodeIgniter\View\View->CodeIgniter\View\{closure}()
 8 SYSTEMPATH/Common.php(1169): CodeIgniter\View\View->render()
 9 APPPATH/Controllers/HomeController.php(59): view()
10 SYSTEMPATH/CodeIgniter.php(933): App\Controllers\HomeController->index()
11 SYSTEMPATH/CodeIgniter.php(509): CodeIgniter\CodeIgniter->runController()
12 SYSTEMPATH/CodeIgniter.php(355): CodeIgniter\CodeIgniter->handleRequest()
13 SYSTEMPATH/Boot.php(325): CodeIgniter\CodeIgniter->run()
14 SYSTEMPATH/Boot.php(67): CodeIgniter\Boot::runCodeIgniter()
15 FCPATH/index.php(56): CodeIgniter\Boot::bootWeb()
CRITICAL - 2025-02-08 13:20:28 --> ErrorException: Undefined variable $orText
[Method: GET, Route: /]
in APPPATH/Views/auth/_social_login.php on line 32.
 1 APPPATH/Views/auth/_social_login.php(32): CodeIgniter\Debug\Exceptions->errorHandler()
 2 SYSTEMPATH/View/View.php(234): include('/home/ktvgqwmj/develop.nextora.co.in/app/Views/auth/_social_login.php')
 3 SYSTEMPATH/View/View.php(237): CodeIgniter\View\View->CodeIgniter\View\{closure}()
 4 SYSTEMPATH/Common.php(1169): CodeIgniter\View\View->render()
 5 APPPATH/Views/partials/_header.php(389): view()
 6 SYSTEMPATH/View/View.php(234): include('/home/ktvgqwmj/develop.nextora.co.in/app/Views/partials/_header.php')
 7 SYSTEMPATH/View/View.php(237): CodeIgniter\View\View->CodeIgniter\View\{closure}()
 8 SYSTEMPATH/Common.php(1169): CodeIgniter\View\View->render()
 9 APPPATH/Controllers/HomeController.php(59): view()
10 SYSTEMPATH/CodeIgniter.php(933): App\Controllers\HomeController->index()
11 SYSTEMPATH/CodeIgniter.php(509): CodeIgniter\CodeIgniter->runController()
12 SYSTEMPATH/CodeIgniter.php(355): CodeIgniter\CodeIgniter->handleRequest()
13 SYSTEMPATH/Boot.php(325): CodeIgniter\CodeIgniter->run()
14 SYSTEMPATH/Boot.php(67): CodeIgniter\Boot::runCodeIgniter()
15 FCPATH/index.php(56): CodeIgniter\Boot::bootWeb()
CRITICAL - 2025-02-08 13:20:30 --> ErrorException: Undefined variable $orText
[Method: GET, Route: /]
in APPPATH/Views/auth/_social_login.php on line 32.
 1 APPPATH/Views/auth/_social_login.php(32): CodeIgniter\Debug\Exceptions->errorHandler()
 2 SYSTEMPATH/View/View.php(234): include('/home/ktvgqwmj/develop.nextora.co.in/app/Views/auth/_social_login.php')
 3 SYSTEMPATH/View/View.php(237): CodeIgniter\View\View->CodeIgniter\View\{closure}()
 4 SYSTEMPATH/Common.php(1169): CodeIgniter\View\View->render()
 5 APPPATH/Views/partials/_header.php(389): view()
 6 SYSTEMPATH/View/View.php(234): include('/home/ktvgqwmj/develop.nextora.co.in/app/Views/partials/_header.php')
 7 SYSTEMPATH/View/View.php(237): CodeIgniter\View\View->CodeIgniter\View\{closure}()
 8 SYSTEMPATH/Common.php(1169): CodeIgniter\View\View->render()
 9 APPPATH/Controllers/HomeController.php(59): view()
10 SYSTEMPATH/CodeIgniter.php(933): App\Controllers\HomeController->index()
11 SYSTEMPATH/CodeIgniter.php(509): CodeIgniter\CodeIgniter->runController()
12 SYSTEMPATH/CodeIgniter.php(355): CodeIgniter\CodeIgniter->handleRequest()
13 SYSTEMPATH/Boot.php(325): CodeIgniter\CodeIgniter->run()
14 SYSTEMPATH/Boot.php(67): CodeIgniter\Boot::runCodeIgniter()
15 FCPATH/index.php(56): CodeIgniter\Boot::bootWeb()
CRITICAL - 2025-02-08 20:30:04 --> ErrorException: Undefined variable $orText
[Method: GET, Route: /]
in APPPATH/Views/auth/_social_login.php on line 32.
 1 APPPATH/Views/auth/_social_login.php(32): CodeIgniter\Debug\Exceptions->errorHandler()
 2 SYSTEMPATH/View/View.php(234): include('/home/ktvgqwmj/develop.nextora.co.in/app/Views/auth/_social_login.php')
 3 SYSTEMPATH/View/View.php(237): CodeIgniter\View\View->CodeIgniter\View\{closure}()
 4 SYSTEMPATH/Common.php(1169): CodeIgniter\View\View->render()
 5 APPPATH/Views/partials/_header.php(389): view()
 6 SYSTEMPATH/View/View.php(234): include('/home/ktvgqwmj/develop.nextora.co.in/app/Views/partials/_header.php')
 7 SYSTEMPATH/View/View.php(237): CodeIgniter\View\View->CodeIgniter\View\{closure}()
 8 SYSTEMPATH/Common.php(1169): CodeIgniter\View\View->render()
 9 APPPATH/Controllers/HomeController.php(59): view()
10 SYSTEMPATH/CodeIgniter.php(933): App\Controllers\HomeController->index()
11 SYSTEMPATH/CodeIgniter.php(509): CodeIgniter\CodeIgniter->runController()
12 SYSTEMPATH/CodeIgniter.php(355): CodeIgniter\CodeIgniter->handleRequest()
13 SYSTEMPATH/Boot.php(325): CodeIgniter\CodeIgniter->run()
14 SYSTEMPATH/Boot.php(67): CodeIgniter\Boot::runCodeIgniter()
15 FCPATH/index.php(56): CodeIgniter\Boot::bootWeb()
CRITICAL - 2025-02-08 20:30:15 --> ErrorException: Undefined variable $orText
[Method: GET, Route: /]
in APPPATH/Views/auth/_social_login.php on line 32.
 1 APPPATH/Views/auth/_social_login.php(32): CodeIgniter\Debug\Exceptions->errorHandler()
 2 SYSTEMPATH/View/View.php(234): include('/home/ktvgqwmj/develop.nextora.co.in/app/Views/auth/_social_login.php')
 3 SYSTEMPATH/View/View.php(237): CodeIgniter\View\View->CodeIgniter\View\{closure}()
 4 SYSTEMPATH/Common.php(1169): CodeIgniter\View\View->render()
 5 APPPATH/Views/partials/_header.php(389): view()
 6 SYSTEMPATH/View/View.php(234): include('/home/ktvgqwmj/develop.nextora.co.in/app/Views/partials/_header.php')
 7 SYSTEMPATH/View/View.php(237): CodeIgniter\View\View->CodeIgniter\View\{closure}()
 8 SYSTEMPATH/Common.php(1169): CodeIgniter\View\View->render()
 9 APPPATH/Controllers/HomeController.php(59): view()
10 SYSTEMPATH/CodeIgniter.php(933): App\Controllers\HomeController->index()
11 SYSTEMPATH/CodeIgniter.php(509): CodeIgniter\CodeIgniter->runController()
12 SYSTEMPATH/CodeIgniter.php(355): CodeIgniter\CodeIgniter->handleRequest()
13 SYSTEMPATH/Boot.php(325): CodeIgniter\CodeIgniter->run()
14 SYSTEMPATH/Boot.php(67): CodeIgniter\Boot::runCodeIgniter()
15 FCPATH/index.php(56): CodeIgniter\Boot::bootWeb()
CRITICAL - 2025-02-08 20:30:17 --> ErrorException: Undefined variable $orText
[Method: GET, Route: /]
in APPPATH/Views/auth/_social_login.php on line 32.
 1 APPPATH/Views/auth/_social_login.php(32): CodeIgniter\Debug\Exceptions->errorHandler()
 2 SYSTEMPATH/View/View.php(234): include('/home/ktvgqwmj/develop.nextora.co.in/app/Views/auth/_social_login.php')
 3 SYSTEMPATH/View/View.php(237): CodeIgniter\View\View->CodeIgniter\View\{closure}()
 4 SYSTEMPATH/Common.php(1169): CodeIgniter\View\View->render()
 5 APPPATH/Views/partials/_header.php(389): view()
 6 SYSTEMPATH/View/View.php(234): include('/home/ktvgqwmj/develop.nextora.co.in/app/Views/partials/_header.php')
 7 SYSTEMPATH/View/View.php(237): CodeIgniter\View\View->CodeIgniter\View\{closure}()
 8 SYSTEMPATH/Common.php(1169): CodeIgniter\View\View->render()
 9 APPPATH/Controllers/HomeController.php(59): view()
10 SYSTEMPATH/CodeIgniter.php(933): App\Controllers\HomeController->index()
11 SYSTEMPATH/CodeIgniter.php(509): CodeIgniter\CodeIgniter->runController()
12 SYSTEMPATH/CodeIgniter.php(355): CodeIgniter\CodeIgniter->handleRequest()
13 SYSTEMPATH/Boot.php(325): CodeIgniter\CodeIgniter->run()
14 SYSTEMPATH/Boot.php(67): CodeIgniter\Boot::runCodeIgniter()
15 FCPATH/index.php(56): CodeIgniter\Boot::bootWeb()
CRITICAL - 2025-02-08 20:30:18 --> ErrorException: Undefined variable $orText
[Method: GET, Route: /]
in APPPATH/Views/auth/_social_login.php on line 32.
 1 APPPATH/Views/auth/_social_login.php(32): CodeIgniter\Debug\Exceptions->errorHandler()
 2 SYSTEMPATH/View/View.php(234): include('/home/ktvgqwmj/develop.nextora.co.in/app/Views/auth/_social_login.php')
 3 SYSTEMPATH/View/View.php(237): CodeIgniter\View\View->CodeIgniter\View\{closure}()
 4 SYSTEMPATH/Common.php(1169): CodeIgniter\View\View->render()
 5 APPPATH/Views/partials/_header.php(389): view()
 6 SYSTEMPATH/View/View.php(234): include('/home/ktvgqwmj/develop.nextora.co.in/app/Views/partials/_header.php')
 7 SYSTEMPATH/View/View.php(237): CodeIgniter\View\View->CodeIgniter\View\{closure}()
 8 SYSTEMPATH/Common.php(1169): CodeIgniter\View\View->render()
 9 APPPATH/Controllers/HomeController.php(59): view()
10 SYSTEMPATH/CodeIgniter.php(933): App\Controllers\HomeController->index()
11 SYSTEMPATH/CodeIgniter.php(509): CodeIgniter\CodeIgniter->runController()
12 SYSTEMPATH/CodeIgniter.php(355): CodeIgniter\CodeIgniter->handleRequest()
13 SYSTEMPATH/Boot.php(325): CodeIgniter\CodeIgniter->run()
14 SYSTEMPATH/Boot.php(67): CodeIgniter\Boot::runCodeIgniter()
15 FCPATH/index.php(56): CodeIgniter\Boot::bootWeb()
CRITICAL - 2025-02-08 20:30:18 --> ErrorException: Undefined variable $orText
[Method: GET, Route: /]
in APPPATH/Views/auth/_social_login.php on line 32.
 1 APPPATH/Views/auth/_social_login.php(32): CodeIgniter\Debug\Exceptions->errorHandler()
 2 SYSTEMPATH/View/View.php(234): include('/home/ktvgqwmj/develop.nextora.co.in/app/Views/auth/_social_login.php')
 3 SYSTEMPATH/View/View.php(237): CodeIgniter\View\View->CodeIgniter\View\{closure}()
 4 SYSTEMPATH/Common.php(1169): CodeIgniter\View\View->render()
 5 APPPATH/Views/partials/_header.php(389): view()
 6 SYSTEMPATH/View/View.php(234): include('/home/ktvgqwmj/develop.nextora.co.in/app/Views/partials/_header.php')
 7 SYSTEMPATH/View/View.php(237): CodeIgniter\View\View->CodeIgniter\View\{closure}()
 8 SYSTEMPATH/Common.php(1169): CodeIgniter\View\View->render()
 9 APPPATH/Controllers/HomeController.php(59): view()
10 SYSTEMPATH/CodeIgniter.php(933): App\Controllers\HomeController->index()
11 SYSTEMPATH/CodeIgniter.php(509): CodeIgniter\CodeIgniter->runController()
12 SYSTEMPATH/CodeIgniter.php(355): CodeIgniter\CodeIgniter->handleRequest()
13 SYSTEMPATH/Boot.php(325): CodeIgniter\CodeIgniter->run()
14 SYSTEMPATH/Boot.php(67): CodeIgniter\Boot::runCodeIgniter()
15 FCPATH/index.php(56): CodeIgniter\Boot::bootWeb()
CRITICAL - 2025-02-08 20:30:18 --> ErrorException: Undefined variable $orText
[Method: GET, Route: /]
in APPPATH/Views/auth/_social_login.php on line 32.
 1 APPPATH/Views/auth/_social_login.php(32): CodeIgniter\Debug\Exceptions->errorHandler()
 2 SYSTEMPATH/View/View.php(234): include('/home/ktvgqwmj/develop.nextora.co.in/app/Views/auth/_social_login.php')
 3 SYSTEMPATH/View/View.php(237): CodeIgniter\View\View->CodeIgniter\View\{closure}()
 4 SYSTEMPATH/Common.php(1169): CodeIgniter\View\View->render()
 5 APPPATH/Views/partials/_header.php(389): view()
 6 SYSTEMPATH/View/View.php(234): include('/home/ktvgqwmj/develop.nextora.co.in/app/Views/partials/_header.php')
 7 SYSTEMPATH/View/View.php(237): CodeIgniter\View\View->CodeIgniter\View\{closure}()
 8 SYSTEMPATH/Common.php(1169): CodeIgniter\View\View->render()
 9 APPPATH/Controllers/HomeController.php(59): view()
10 SYSTEMPATH/CodeIgniter.php(933): App\Controllers\HomeController->index()
11 SYSTEMPATH/CodeIgniter.php(509): CodeIgniter\CodeIgniter->runController()
12 SYSTEMPATH/CodeIgniter.php(355): CodeIgniter\CodeIgniter->handleRequest()
13 SYSTEMPATH/Boot.php(325): CodeIgniter\CodeIgniter->run()
14 SYSTEMPATH/Boot.php(67): CodeIgniter\Boot::runCodeIgniter()
15 FCPATH/index.php(56): CodeIgniter\Boot::bootWeb()
CRITICAL - 2025-02-08 20:30:18 --> ErrorException: Undefined variable $orText
[Method: GET, Route: /]
in APPPATH/Views/auth/_social_login.php on line 32.
 1 APPPATH/Views/auth/_social_login.php(32): CodeIgniter\Debug\Exceptions->errorHandler()
 2 SYSTEMPATH/View/View.php(234): include('/home/ktvgqwmj/develop.nextora.co.in/app/Views/auth/_social_login.php')
 3 SYSTEMPATH/View/View.php(237): CodeIgniter\View\View->CodeIgniter\View\{closure}()
 4 SYSTEMPATH/Common.php(1169): CodeIgniter\View\View->render()
 5 APPPATH/Views/partials/_header.php(389): view()
 6 SYSTEMPATH/View/View.php(234): include('/home/ktvgqwmj/develop.nextora.co.in/app/Views/partials/_header.php')
 7 SYSTEMPATH/View/View.php(237): CodeIgniter\View\View->CodeIgniter\View\{closure}()
 8 SYSTEMPATH/Common.php(1169): CodeIgniter\View\View->render()
 9 APPPATH/Controllers/HomeController.php(59): view()
10 SYSTEMPATH/CodeIgniter.php(933): App\Controllers\HomeController->index()
11 SYSTEMPATH/CodeIgniter.php(509): CodeIgniter\CodeIgniter->runController()
12 SYSTEMPATH/CodeIgniter.php(355): CodeIgniter\CodeIgniter->handleRequest()
13 SYSTEMPATH/Boot.php(325): CodeIgniter\CodeIgniter->run()
14 SYSTEMPATH/Boot.php(67): CodeIgniter\Boot::runCodeIgniter()
15 FCPATH/index.php(56): CodeIgniter\Boot::bootWeb()
CRITICAL - 2025-02-08 20:30:18 --> ErrorException: Undefined variable $orText
[Method: GET, Route: /]
in APPPATH/Views/auth/_social_login.php on line 32.
 1 APPPATH/Views/auth/_social_login.php(32): CodeIgniter\Debug\Exceptions->errorHandler()
 2 SYSTEMPATH/View/View.php(234): include('/home/ktvgqwmj/develop.nextora.co.in/app/Views/auth/_social_login.php')
 3 SYSTEMPATH/View/View.php(237): CodeIgniter\View\View->CodeIgniter\View\{closure}()
 4 SYSTEMPATH/Common.php(1169): CodeIgniter\View\View->render()
 5 APPPATH/Views/partials/_header.php(389): view()
 6 SYSTEMPATH/View/View.php(234): include('/home/ktvgqwmj/develop.nextora.co.in/app/Views/partials/_header.php')
 7 SYSTEMPATH/View/View.php(237): CodeIgniter\View\View->CodeIgniter\View\{closure}()
 8 SYSTEMPATH/Common.php(1169): CodeIgniter\View\View->render()
 9 APPPATH/Controllers/HomeController.php(59): view()
10 SYSTEMPATH/CodeIgniter.php(933): App\Controllers\HomeController->index()
11 SYSTEMPATH/CodeIgniter.php(509): CodeIgniter\CodeIgniter->runController()
12 SYSTEMPATH/CodeIgniter.php(355): CodeIgniter\CodeIgniter->handleRequest()
13 SYSTEMPATH/Boot.php(325): CodeIgniter\CodeIgniter->run()
14 SYSTEMPATH/Boot.php(67): CodeIgniter\Boot::runCodeIgniter()
15 FCPATH/index.php(56): CodeIgniter\Boot::bootWeb()
CRITICAL - 2025-02-08 20:30:18 --> ErrorException: Undefined variable $orText
[Method: GET, Route: /]
in APPPATH/Views/auth/_social_login.php on line 32.
 1 APPPATH/Views/auth/_social_login.php(32): CodeIgniter\Debug\Exceptions->errorHandler()
 2 SYSTEMPATH/View/View.php(234): include('/home/ktvgqwmj/develop.nextora.co.in/app/Views/auth/_social_login.php')
 3 SYSTEMPATH/View/View.php(237): CodeIgniter\View\View->CodeIgniter\View\{closure}()
 4 SYSTEMPATH/Common.php(1169): CodeIgniter\View\View->render()
 5 APPPATH/Views/partials/_header.php(389): view()
 6 SYSTEMPATH/View/View.php(234): include('/home/ktvgqwmj/develop.nextora.co.in/app/Views/partials/_header.php')
 7 SYSTEMPATH/View/View.php(237): CodeIgniter\View\View->CodeIgniter\View\{closure}()
 8 SYSTEMPATH/Common.php(1169): CodeIgniter\View\View->render()
 9 APPPATH/Controllers/HomeController.php(59): view()
10 SYSTEMPATH/CodeIgniter.php(933): App\Controllers\HomeController->index()
11 SYSTEMPATH/CodeIgniter.php(509): CodeIgniter\CodeIgniter->runController()
12 SYSTEMPATH/CodeIgniter.php(355): CodeIgniter\CodeIgniter->handleRequest()
13 SYSTEMPATH/Boot.php(325): CodeIgniter\CodeIgniter->run()
14 SYSTEMPATH/Boot.php(67): CodeIgniter\Boot::runCodeIgniter()
15 FCPATH/index.php(56): CodeIgniter\Boot::bootWeb()
CRITICAL - 2025-02-08 20:30:19 --> ErrorException: Undefined variable $orText
[Method: GET, Route: /]
in APPPATH/Views/auth/_social_login.php on line 32.
 1 APPPATH/Views/auth/_social_login.php(32): CodeIgniter\Debug\Exceptions->errorHandler()
 2 SYSTEMPATH/View/View.php(234): include('/home/ktvgqwmj/develop.nextora.co.in/app/Views/auth/_social_login.php')
 3 SYSTEMPATH/View/View.php(237): CodeIgniter\View\View->CodeIgniter\View\{closure}()
 4 SYSTEMPATH/Common.php(1169): CodeIgniter\View\View->render()
 5 APPPATH/Views/partials/_header.php(389): view()
 6 SYSTEMPATH/View/View.php(234): include('/home/ktvgqwmj/develop.nextora.co.in/app/Views/partials/_header.php')
 7 SYSTEMPATH/View/View.php(237): CodeIgniter\View\View->CodeIgniter\View\{closure}()
 8 SYSTEMPATH/Common.php(1169): CodeIgniter\View\View->render()
 9 APPPATH/Controllers/HomeController.php(59): view()
10 SYSTEMPATH/CodeIgniter.php(933): App\Controllers\HomeController->index()
11 SYSTEMPATH/CodeIgniter.php(509): CodeIgniter\CodeIgniter->runController()
12 SYSTEMPATH/CodeIgniter.php(355): CodeIgniter\CodeIgniter->handleRequest()
13 SYSTEMPATH/Boot.php(325): CodeIgniter\CodeIgniter->run()
14 SYSTEMPATH/Boot.php(67): CodeIgniter\Boot::runCodeIgniter()
15 FCPATH/index.php(56): CodeIgniter\Boot::bootWeb()
CRITICAL - 2025-02-08 20:35:27 --> ParseError: syntax error, unexpected token "]"
[Method: GET, Route: /]
in APPPATH/Views/partials/_header.php on line 389.
 1 SYSTEMPATH/View/View.php(237): CodeIgniter\View\View->CodeIgniter\View\{closure}()
 2 SYSTEMPATH/Common.php(1169): CodeIgniter\View\View->render()
 3 APPPATH/Controllers/HomeController.php(59): view()
 4 SYSTEMPATH/CodeIgniter.php(933): App\Controllers\HomeController->index()
 5 SYSTEMPATH/CodeIgniter.php(509): CodeIgniter\CodeIgniter->runController()
 6 SYSTEMPATH/CodeIgniter.php(355): CodeIgniter\CodeIgniter->handleRequest()
 7 SYSTEMPATH/Boot.php(325): CodeIgniter\CodeIgniter->run()
 8 SYSTEMPATH/Boot.php(67): CodeIgniter\Boot::runCodeIgniter()
 9 FCPATH/index.php(56): CodeIgniter\Boot::bootWeb()
CRITICAL - 2025-02-08 20:35:41 --> ParseError: syntax error, unexpected token "]"
[Method: GET, Route: /]
in APPPATH/Views/partials/_header.php on line 389.
 1 SYSTEMPATH/View/View.php(237): CodeIgniter\View\View->CodeIgniter\View\{closure}()
 2 SYSTEMPATH/Common.php(1169): CodeIgniter\View\View->render()
 3 APPPATH/Controllers/HomeController.php(59): view()
 4 SYSTEMPATH/CodeIgniter.php(933): App\Controllers\HomeController->index()
 5 SYSTEMPATH/CodeIgniter.php(509): CodeIgniter\CodeIgniter->runController()
 6 SYSTEMPATH/CodeIgniter.php(355): CodeIgniter\CodeIgniter->handleRequest()
 7 SYSTEMPATH/Boot.php(325): CodeIgniter\CodeIgniter->run()
 8 SYSTEMPATH/Boot.php(67): CodeIgniter\Boot::runCodeIgniter()
 9 FCPATH/index.php(56): CodeIgniter\Boot::bootWeb()
CRITICAL - 2025-02-08 20:35:47 --> ParseError: syntax error, unexpected token "]"
[Method: GET, Route: /]
in APPPATH/Views/partials/_header.php on line 389.
 1 SYSTEMPATH/View/View.php(237): CodeIgniter\View\View->CodeIgniter\View\{closure}()
 2 SYSTEMPATH/Common.php(1169): CodeIgniter\View\View->render()
 3 APPPATH/Controllers/HomeController.php(59): view()
 4 SYSTEMPATH/CodeIgniter.php(933): App\Controllers\HomeController->index()
 5 SYSTEMPATH/CodeIgniter.php(509): CodeIgniter\CodeIgniter->runController()
 6 SYSTEMPATH/CodeIgniter.php(355): CodeIgniter\CodeIgniter->handleRequest()
 7 SYSTEMPATH/Boot.php(325): CodeIgniter\CodeIgniter->run()
 8 SYSTEMPATH/Boot.php(67): CodeIgniter\Boot::runCodeIgniter()
 9 FCPATH/index.php(56): CodeIgniter\Boot::bootWeb()
CRITICAL - 2025-02-08 20:35:48 --> ParseError: syntax error, unexpected token "]"
[Method: GET, Route: /]
in APPPATH/Views/partials/_header.php on line 389.
 1 SYSTEMPATH/View/View.php(237): CodeIgniter\View\View->CodeIgniter\View\{closure}()
 2 SYSTEMPATH/Common.php(1169): CodeIgniter\View\View->render()
 3 APPPATH/Controllers/HomeController.php(59): view()
 4 SYSTEMPATH/CodeIgniter.php(933): App\Controllers\HomeController->index()
 5 SYSTEMPATH/CodeIgniter.php(509): CodeIgniter\CodeIgniter->runController()
 6 SYSTEMPATH/CodeIgniter.php(355): CodeIgniter\CodeIgniter->handleRequest()
 7 SYSTEMPATH/Boot.php(325): CodeIgniter\CodeIgniter->run()
 8 SYSTEMPATH/Boot.php(67): CodeIgniter\Boot::runCodeIgniter()
 9 FCPATH/index.php(56): CodeIgniter\Boot::bootWeb()
CRITICAL - 2025-02-08 20:35:48 --> ParseError: syntax error, unexpected token "]"
[Method: GET, Route: /]
in APPPATH/Views/partials/_header.php on line 389.
 1 SYSTEMPATH/View/View.php(237): CodeIgniter\View\View->CodeIgniter\View\{closure}()
 2 SYSTEMPATH/Common.php(1169): CodeIgniter\View\View->render()
 3 APPPATH/Controllers/HomeController.php(59): view()
 4 SYSTEMPATH/CodeIgniter.php(933): App\Controllers\HomeController->index()
 5 SYSTEMPATH/CodeIgniter.php(509): CodeIgniter\CodeIgniter->runController()
 6 SYSTEMPATH/CodeIgniter.php(355): CodeIgniter\CodeIgniter->handleRequest()
 7 SYSTEMPATH/Boot.php(325): CodeIgniter\CodeIgniter->run()
 8 SYSTEMPATH/Boot.php(67): CodeIgniter\Boot::runCodeIgniter()
 9 FCPATH/index.php(56): CodeIgniter\Boot::bootWeb()
CRITICAL - 2025-02-08 20:35:48 --> ParseError: syntax error, unexpected token "]"
[Method: GET, Route: /]
in APPPATH/Views/partials/_header.php on line 389.
 1 SYSTEMPATH/View/View.php(237): CodeIgniter\View\View->CodeIgniter\View\{closure}()
 2 SYSTEMPATH/Common.php(1169): CodeIgniter\View\View->render()
 3 APPPATH/Controllers/HomeController.php(59): view()
 4 SYSTEMPATH/CodeIgniter.php(933): App\Controllers\HomeController->index()
 5 SYSTEMPATH/CodeIgniter.php(509): CodeIgniter\CodeIgniter->runController()
 6 SYSTEMPATH/CodeIgniter.php(355): CodeIgniter\CodeIgniter->handleRequest()
 7 SYSTEMPATH/Boot.php(325): CodeIgniter\CodeIgniter->run()
 8 SYSTEMPATH/Boot.php(67): CodeIgniter\Boot::runCodeIgniter()
 9 FCPATH/index.php(56): CodeIgniter\Boot::bootWeb()
CRITICAL - 2025-02-08 21:22:44 --> ParseError: syntax error, unexpected token "endif", expecting end of file
[Method: GET, Route: wishlist]
in APPPATH/Views/partials/_header.php on line 452.
 1 SYSTEMPATH/View/View.php(237): CodeIgniter\View\View->CodeIgniter\View\{closure}()
 2 SYSTEMPATH/Common.php(1169): CodeIgniter\View\View->render()
 3 APPPATH/Controllers/HomeController.php(841): view()
 4 SYSTEMPATH/CodeIgniter.php(933): App\Controllers\HomeController->wishlist()
 5 SYSTEMPATH/CodeIgniter.php(509): CodeIgniter\CodeIgniter->runController()
 6 SYSTEMPATH/CodeIgniter.php(355): CodeIgniter\CodeIgniter->handleRequest()
 7 SYSTEMPATH/Boot.php(325): CodeIgniter\CodeIgniter->run()
 8 SYSTEMPATH/Boot.php(67): CodeIgniter\Boot::runCodeIgniter()
 9 FCPATH/index.php(56): CodeIgniter\Boot::bootWeb()
CRITICAL - 2025-02-08 21:22:53 --> ParseError: syntax error, unexpected token "endif", expecting end of file
[Method: GET, Route: /]
in APPPATH/Views/partials/_header.php on line 452.
 1 SYSTEMPATH/View/View.php(237): CodeIgniter\View\View->CodeIgniter\View\{closure}()
 2 SYSTEMPATH/Common.php(1169): CodeIgniter\View\View->render()
 3 APPPATH/Controllers/HomeController.php(59): view()
 4 SYSTEMPATH/CodeIgniter.php(933): App\Controllers\HomeController->index()
 5 SYSTEMPATH/CodeIgniter.php(509): CodeIgniter\CodeIgniter->runController()
 6 SYSTEMPATH/CodeIgniter.php(355): CodeIgniter\CodeIgniter->handleRequest()
 7 SYSTEMPATH/Boot.php(325): CodeIgniter\CodeIgniter->run()
 8 SYSTEMPATH/Boot.php(67): CodeIgniter\Boot::runCodeIgniter()
 9 FCPATH/index.php(56): CodeIgniter\Boot::bootWeb()
